2019-01-09 00:00:14,229 INFO  [pool-18-thread-1]  c.e.w.s.q.l.ServiceSessionQueueTimerScanTask - getTimeoutTimerMapFromRedis from redisKey 09 00:00 start
2019-01-09 00:00:14,234 INFO  [pool-18-thread-1]  c.e.w.s.q.r.r.ServiceSessionQueueRedisRepository - get 0 timers from redisKey kf:service:session:queue:09 00:00
2019-01-09 00:00:14,235 INFO  [pool-18-thread-1]  c.e.w.s.q.l.ServiceSessionQueueTimerScanTask - getTimeoutTimerMapFromRedis from redisKey 09 00:00 complete
2019-01-09 00:00:14,235 INFO  [pool-18-thread-1]  c.e.w.s.q.l.ServiceSessionQueueTimerScanTask - Service session queue timer scan task thread is running.
2019-01-09 00:00:34,229 INFO  [pool-18-thread-1]  c.e.w.s.q.l.ServiceSessionQueueTimerScanTask - getTimeoutTimerMapFromRedis from redisKey 09 00:00 start
2019-01-09 00:00:34,231 INFO  [pool-18-thread-1]  c.e.w.s.q.r.r.ServiceSessionQueueRedisRepository - get 0 timers from redisKey kf:service:session:queue:09 00:00
2019-01-09 00:00:34,231 INFO  [pool-18-thread-1]  c.e.w.s.q.l.ServiceSessionQueueTimerScanTask - getTimeoutTimerMapFromRedis from redisKey 09 00:00 complete
2019-01-09 00:00:34,231 INFO  [pool-18-thread-1]  c.e.w.s.q.l.ServiceSessionQueueTimerScanTask - Service session queue timer scan task thread is running.
2019-01-09 00:00:51,146 INFO  [kf-webapp-scheduler-pool-21]  c.e.w.s.q.s.s.ScheduledShortMessageRemindAgentService - schedule to check tenants maybe send sms,tenants size is 0
2019-01-09 00:00:51,211 INFO  [kf-webapp-scheduler-pool-21]  c.e.w.s.q.s.s.ScheduledShortMessageRemindAgentService - sms remind timer thread is running.
2019-01-09 00:00:54,229 INFO  [pool-18-thread-1]  c.e.w.s.q.l.ServiceSessionQueueTimerScanTask - getTimeoutTimerMapFromRedis from redisKey 09 00:00 start
2019-01-09 00:00:54,236 INFO  [pool-18-thread-1]  c.e.w.s.q.r.r.ServiceSessionQueueRedisRepository - get 0 timers from redisKey kf:service:session:queue:09 00:00
2019-01-09 00:00:54,236 INFO  [pool-18-thread-1]  c.e.w.s.q.l.ServiceSessionQueueTimerScanTask - getTimeoutTimerMapFromRedis from redisKey 09 00:00 complete
2019-01-09 00:00:54,236 INFO  [pool-18-thread-1]  c.e.w.s.q.l.ServiceSessionQueueTimerScanTask - Service session queue timer scan task thread is running.
2019-01-09 00:01:14,229 INFO  [pool-18-thread-1]  c.e.w.s.q.l.ServiceSessionQueueTimerScanTask - getTimeoutTimerMapFromRedis from redisKey 09 00:01 start
2019-01-09 00:01:14,231 INFO  [pool-18-thread-1]  c.e.w.s.q.r.r.ServiceSessionQueueRedisRepository - get 0 timers from redisKey kf:service:session:queue:09 00:01
2019-01-09 00:01:14,231 INFO  [pool-18-thread-1]  c.e.w.s.q.l.ServiceSessionQueueTimerScanTask - getTimeoutTimerMapFromRedis from redisKey 09 00:01 complete
2019-01-09 00:01:14,231 INFO  [pool-18-thread-1]  c.e.w.s.q.l.ServiceSessionQueueTimerScanTask - Service session queue timer scan task thread is running.
2019-01-09 00:01:34,229 INFO  [pool-18-thread-1]  c.e.w.s.q.l.ServiceSessionQueueTimerScanTask - getTimeoutTimerMapFromRedis from redisKey 09 00:01 start
2019-01-09 00:01:34,233 INFO  [pool-18-thread-1]  c.e.w.s.q.r.r.ServiceSessionQueueRedisRepository - get 0 timers from redisKey kf:service:session:queue:09 00:01
2019-01-09 00:01:34,234 INFO  [pool-18-thread-1]  c.e.w.s.q.l.ServiceSessionQueueTimerScanTask - getTimeoutTimerMapFromRedis from redisKey 09 00:01 complete
2019-01-09 00:01:34,234 INFO  [pool-18-thread-1]  c.e.w.s.q.l.ServiceSessionQueueTimerScanTask - Service session queue timer scan task thread is running.
2019-01-09 00:01:51,218 INFO  [kf-webapp-scheduler-pool-29]  c.e.w.s.q.s.s.ScheduledShortMessageRemindAgentService - schedule to check tenants maybe send sms,tenants size is 0
2019-01-09 00:01:51,221 INFO  [kf-webapp-scheduler-pool-29]  c.e.w.s.q.s.s.ScheduledShortMessageRemindAgentService - sms remind timer thread is running.
2019-01-09 00:01:51,381 INFO  [kf-webapp-scheduler-pool-8]  c.e.w.r.e.p.RuleSetPreProcessor - refreshWaitingQueueRuleSetCache cost time 72ms
2019-01-09 00:01:54,229 INFO  [pool-18-thread-1]  c.e.w.s.q.l.ServiceSessionQueueTimerScanTask - getTimeoutTimerMapFromRedis from redisKey 09 00:01 start
2019-01-09 00:01:54,231 INFO  [pool-18-thread-1]  c.e.w.s.q.r.r.ServiceSessionQueueRedisRepository - get 0 timers from redisKey kf:service:session:queue:09 00:01
2019-01-09 00:01:54,231 INFO  [pool-18-thread-1]  c.e.w.s.q.l.ServiceSessionQueueTimerScanTask - getTimeoutTimerMapFromRedis from redisKey 09 00:01 complete
2019-01-09 00:01:54,231 INFO  [pool-18-thread-1]  c.e.w.s.q.l.ServiceSessionQueueTimerScanTask - Service session queue timer scan task thread is running.
2019-01-09 00:01:59,410 INFO  [kf-webapp-scheduler-pool-23]  c.e.w.s.q.a.s.ScheduledAssignedAgentSessionDataService - the tenantIds for assigned agent session data are empty.
2019-01-09 00:02:14,229 INFO  [pool-18-thread-1]  c.e.w.s.q.l.ServiceSessionQueueTimerScanTask - getTimeoutTimerMapFromRedis from redisKey 09 00:02 start
2019-01-09 00:02:14,230 INFO  [pool-18-thread-1]  c.e.w.s.q.r.r.ServiceSessionQueueRedisRepository - get 0 timers from redisKey kf:service:session:queue:09 00:02
2019-01-09 00:02:14,230 INFO  [pool-18-thread-1]  c.e.w.s.q.l.ServiceSessionQueueTimerScanTask - getTimeoutTimerMapFromRedis from redisKey 09 00:02 complete
2019-01-09 00:02:14,231 INFO  [pool-18-thread-1]  c.e.w.s.q.l.ServiceSessionQueueTimerScanTask - Service session queue timer scan task thread is running.
2019-01-09 00:02:34,229 INFO  [pool-18-thread-1]  c.e.w.s.q.l.ServiceSessionQueueTimerScanTask - getTimeoutTimerMapFromRedis from redisKey 09 00:02 start
2019-01-09 00:02:34,230 INFO  [pool-18-thread-1]  c.e.w.s.q.r.r.ServiceSessionQueueRedisRepository - get 0 timers from redisKey kf:service:session:queue:09 00:02
2019-01-09 00:02:34,231 INFO  [pool-18-thread-1]  c.e.w.s.q.l.ServiceSessionQueueTimerScanTask - getTimeoutTimerMapFromRedis from redisKey 09 00:02 complete
2019-01-09 00:02:34,231 INFO  [pool-18-thread-1]  c.e.w.s.q.l.ServiceSessionQueueTimerScanTask - Service session queue timer scan task thread is running.
2019-01-09 00:02:49,351 INFO  [kf-webapp-scheduler-pool-20]  c.e.w.s.q.s.VisitorUserWaittingDataService - the tenantIds for visitoruser waiting data are empty.
2019-01-09 00:02:51,226 INFO  [kf-webapp-scheduler-pool-10]  c.e.w.s.q.s.s.ScheduledShortMessageRemindAgentService - schedule to check tenants maybe send sms,tenants size is 0
2019-01-09 00:02:51,228 INFO  [kf-webapp-scheduler-pool-10]  c.e.w.s.q.s.s.ScheduledShortMessageRemindAgentService - sms remind timer thread is running.
2019-01-09 00:02:54,229 INFO  [pool-18-thread-1]  c.e.w.s.q.l.ServiceSessionQueueTimerScanTask - getTimeoutTimerMapFromRedis from redisKey 09 00:02 start
2019-01-09 00:02:54,230 INFO  [pool-18-thread-1]  c.e.w.s.q.r.r.ServiceSessionQueueRedisRepository - get 0 timers from redisKey kf:service:session:queue:09 00:02
2019-01-09 00:02:54,230 INFO  [pool-18-thread-1]  c.e.w.s.q.l.ServiceSessionQueueTimerScanTask - getTimeoutTimerMapFromRedis from redisKey 09 00:02 complete
2019-01-09 00:02:54,231 INFO  [pool-18-thread-1]  c.e.w.s.q.l.ServiceSessionQueueTimerScanTask - Service session queue timer scan task thread is running.
2019-01-09 00:03:14,229 INFO  [pool-18-thread-1]  c.e.w.s.q.l.ServiceSessionQueueTimerScanTask - getTimeoutTimerMapFromRedis from redisKey 09 00:03 start
2019-01-09 00:03:14,233 INFO  [pool-18-thread-1]  c.e.w.s.q.r.r.ServiceSessionQueueRedisRepository - get 0 timers from redisKey kf:service:session:queue:09 00:03
2019-01-09 00:03:14,233 INFO  [pool-18-thread-1]  c.e.w.s.q.l.ServiceSessionQueueTimerScanTask - getTimeoutTimerMapFromRedis from redisKey 09 00:03 complete
2019-01-09 00:03:14,233 INFO  [pool-18-thread-1]  c.e.w.s.q.l.ServiceSessionQueueTimerScanTask - Service session queue timer scan task thread is running.
2019-01-09 00:03:34,229 INFO  [pool-18-thread-1]  c.e.w.s.q.l.ServiceSessionQueueTimerScanTask - getTimeoutTimerMapFromRedis from redisKey 09 00:03 start
2019-01-09 00:03:34,230 INFO  [pool-18-thread-1]  c.e.w.s.q.r.r.ServiceSessionQueueRedisRepository - get 0 timers from redisKey kf:service:session:queue:09 00:03
2019-01-09 00:03:34,231 INFO  [pool-18-thread-1]  c.e.w.s.q.l.ServiceSessionQueueTimerScanTask - getTimeoutTimerMapFromRedis from redisKey 09 00:03 complete
2019-01-09 00:03:34,231 INFO  [pool-18-thread-1]  c.e.w.s.q.l.ServiceSessionQueueTimerScanTask - Service session queue timer scan task thread is running.
2019-01-09 00:03:51,234 INFO  [kf-webapp-scheduler-pool-2]  c.e.w.s.q.s.s.ScheduledShortMessageRemindAgentService - schedule to check tenants maybe send sms,tenants size is 0
2019-01-09 00:03:51,236 INFO  [kf-webapp-scheduler-pool-2]  c.e.w.s.q.s.s.ScheduledShortMessageRemindAgentService - sms remind timer thread is running.
2019-01-09 00:03:51,405 INFO  [kf-webapp-scheduler-pool-16]  c.e.w.r.e.p.RuleSetPreProcessor - refreshWaitingQueueRuleSetCache cost time 24ms
2019-01-09 00:03:54,229 INFO  [pool-18-thread-1]  c.e.w.s.q.l.ServiceSessionQueueTimerScanTask - getTimeoutTimerMapFromRedis from redisKey 09 00:03 start
2019-01-09 00:03:54,231 INFO  [pool-18-thread-1]  c.e.w.s.q.r.r.ServiceSessionQueueRedisRepository - get 0 timers from redisKey kf:service:session:queue:09 00:03
2019-01-09 00:03:54,231 INFO  [pool-18-thread-1]  c.e.w.s.q.l.ServiceSessionQueueTimerScanTask - getTimeoutTimerMapFromRedis from redisKey 09 00:03 complete
2019-01-09 00:03:54,231 INFO  [pool-18-thread-1]  c.e.w.s.q.l.ServiceSessionQueueTimerScanTask - Service session queue timer scan task thread is running.
