2019-01-12 16:28:15,647 INFO  [main]  o.s.c.a.AnnotationConfigApplicationContext - Refreshing org.springframework.context.annotation.AnnotationConfigApplicationContext@16f65612: startup date [Sat Jan 12 16:28:15 CST 2019]; root of context hierarchy
2019-01-12 16:28:16,629 INFO  [main]  o.s.b.f.a.AutowiredAnnotationBeanPostProcessor - JSR-330 'javax.inject.Inject' annotation found and supported for autowiring
2019-01-12 16:28:16,725 INFO  [main]  o.s.c.s.PostProcessorRegistrationDelegate$BeanPostProcessorChecker - Bean 'configurationPropertiesRebinderAutoConfiguration' of type [class org.springframework.cloud.autoconfigure.ConfigurationPropertiesRebinderAutoConfiguration$$EnhancerBySpringCGLIB$$62a5a73] is not eligible for getting processed by all BeanPostProcessors (for example: not eligible for auto-proxying)
2019-01-12 16:28:19,463 INFO  [main]  o.s.c.c.c.ConfigServicePropertySourceLocator - Fetching config from server at: http://88.22.34.33:38888
2019-01-12 16:28:28,912 INFO  [main]  o.s.c.c.c.ConfigServicePropertySourceLocator - Located environment: name=Robotapi, profiles=[NluServer-1.1], label=saas, version=44d9afcf2f00bf8342eda1fdc3b8dfdafcbb2bc2
2019-01-12 16:28:28,915 INFO  [main]  o.s.c.b.c.PropertySourceBootstrapConfiguration - Located property source: CompositePropertySource [name='configService', propertySources=[MapPropertySource [name='file:///data/apps/config/kefu-conf/common/Robotapi-feign.properties'], MapPropertySource [name='file:///data/apps/config/kefu-conf/common/Robotapi-elasticsearch.properties'], MapPropertySource [name='file:///data/apps/config/kefu-conf/common/Robotapi-cassandra.properties'], MapPropertySource [name='file:///data/apps/config/kefu-conf/common/Robotapi-mysql.properties'], MapPropertySource [name='file:///data/apps/config/kefu-conf/common/Robotapi-redis.properties'], MapPropertySource [name='file:///data/apps/config/kefu-conf/common/Robotapi-args.properties'], MapPropertySource [name='file:///data/apps/config/kefu-conf/common/Robotapi-bootstrap.properties'], MapPropertySource [name='file:///data/apps/config/kefu-conf/common/Robotapi-management.properties'], MapPropertySource [name='file:///data/apps/config/kefu-conf/common/Robotapi.properties']]]
2019-01-12 16:28:29,091 INFO  [main]  c.e.ai.robotapi.nlu.NLUApiServer - No active profile set, falling back to default profiles: default
2019-01-12 16:28:29,138 INFO  [main]  o.s.b.c.e.AnnotationConfigEmbeddedWebApplicationContext - Refreshing org.springframework.boot.context.embedded.AnnotationConfigEmbeddedWebApplicationContext@47f6473: startup date [Sat Jan 12 16:28:29 CST 2019]; parent: org.springframework.context.annotation.AnnotationConfigApplicationContext@16f65612
2019-01-12 16:28:35,661 DEBUG [main]  c.e.a.r.c.w.CommonWebServiceRegister - scan basePackages:[com.easemob.ai.robotapi.common.webservice]
2019-01-12 16:28:35,679 DEBUG [main]  c.e.a.r.c.w.CommonWebServiceRegister$1 - Identified candidate component class: URL [jar:file:/u01/apps/package/NluServer/1.7.16.FINAL/nlu-server-1.7.16.FINAL.jar!/lib/common-webservice-1.2.3.FINAL.jar!/com/easemob/ai/robotapi/common/webservice/interceptor/AccessInterceptor.class]
2019-01-12 16:28:35,679 DEBUG [main]  c.e.a.r.c.w.CommonWebServiceRegister$1 - Ignored because not a concrete top-level class: URL [jar:file:/u01/apps/package/NluServer/1.7.16.FINAL/nlu-server-1.7.16.FINAL.jar!/lib/common-webservice-1.2.3.FINAL.jar!/com/easemob/ai/robotapi/common/webservice/interceptor/AbstractInterceptor.class]
2019-01-12 16:28:35,680 INFO  [main]  c.e.a.r.c.w.CommonWebServiceRegister - add beanCLassName:com.easemob.ai.robotapi.common.webservice.interceptor.AccessInterceptor
2019-01-12 16:28:35,969 INFO  [main]  o.s.b.f.s.DefaultListableBeanFactory - Overriding bean definition for bean 'ignoredPathsWebSecurityConfigurerAdapter' with a different definition: replacing [Root bean: class [null]; scope=; abstract=false; lazyInit=false; autowireMode=3; dependencyCheck=0; autowireCandidate=true; primary=false; factoryBeanName=org.springframework.boot.autoconfigure.security.SpringBootWebSecurityConfiguration; factoryMethodName=ignoredPathsWebSecurityConfigurerAdapter; initMethodName=null; destroyMethodName=(inferred); defined in class path resource [org/springframework/boot/autoconfigure/security/SpringBootWebSecurityConfiguration.class]] with [Root bean: class [null]; scope=; abstract=false; lazyInit=false; autowireMode=3; dependencyCheck=0; autowireCandidate=true; primary=false; factoryBeanName=org.springframework.boot.actuate.autoconfigure.ManagementWebSecurityAutoConfiguration; factoryMethodName=ignoredPathsWebSecurityConfigurerAdapter; initMethodName=null; destroyMethodName=(inferred); defined in class path resource [org/springframework/boot/actuate/autoconfigure/ManagementWebSecurityAutoConfiguration.class]]
2019-01-12 16:28:37,274 INFO  [main]  o.s.cloud.context.scope.GenericScope - BeanFactory id=d3008129-04d2-3843-8b85-9c7851c9667d
2019-01-12 16:28:37,336 INFO  [main]  o.s.b.f.a.AutowiredAnnotationBeanPostProcessor - JSR-330 'javax.inject.Inject' annotation found and supported for autowiring
2019-01-12 16:28:37,655 INFO  [main]  o.s.c.s.PostProcessorRegistrationDelegate$BeanPostProcessorChecker - Bean 'com.easemob.ai.robotapi.kg.client.apiclient.feignclient.KGFeignClient' of type [class org.springframework.cloud.netflix.feign.FeignClientFactoryBean] is not eligible for getting processed by all BeanPostProcessors (for example: not eligible for auto-proxying)
2019-01-12 16:28:37,659 INFO  [main]  o.s.c.s.PostProcessorRegistrationDelegate$BeanPostProcessorChecker - Bean 'com.easemob.ai.robotapi.client.feignclient.ConfigCenterFeignClient' of type [class org.springframework.cloud.netflix.feign.FeignClientFactoryBean] is not eligible for getting processed by all BeanPostProcessors (for example: not eligible for auto-proxying)
2019-01-12 16:28:37,667 INFO  [main]  o.s.c.s.PostProcessorRegistrationDelegate$BeanPostProcessorChecker - Bean 'com.ryantenney.metrics.spring.config.annotation.DelegatingMetricsConfiguration' of type [class com.ryantenney.metrics.spring.config.annotation.DelegatingMetricsConfiguration$$EnhancerBySpringCGLIB$$5e50c411] is not eligible for getting processed by all BeanPostProcessors (for example: not eligible for auto-proxying)
2019-01-12 16:28:37,743 INFO  [main]  o.s.c.s.PostProcessorRegistrationDelegate$BeanPostProcessorChecker - Bean 'getMetricRegistry' of type [class com.codahale.metrics.MetricRegistry] is not eligible for getting processed by all BeanPostProcessors (for example: not eligible for auto-proxying)
2019-01-12 16:28:37,921 INFO  [main]  o.s.c.s.PostProcessorRegistrationDelegate$BeanPostProcessorChecker - Bean 'getHealthCheckRegistry' of type [class com.codahale.metrics.health.HealthCheckRegistry] is not eligible for getting processed by all BeanPostProcessors (for example: not eligible for auto-proxying)
2019-01-12 16:28:37,995 INFO  [main]  o.s.c.s.PostProcessorRegistrationDelegate$BeanPostProcessorChecker - Bean 'org.springframework.cloud.autoconfigure.ConfigurationPropertiesRebinderAutoConfiguration' of type [class org.springframework.cloud.autoconfigure.ConfigurationPropertiesRebinderAutoConfiguration$$EnhancerBySpringCGLIB$$62a5a73] is not eligible for getting processed by all BeanPostProcessors (for example: not eligible for auto-proxying)
2019-01-12 16:28:38,023 INFO  [main]  o.s.c.s.PostProcessorRegistrationDelegate$BeanPostProcessorChecker - Bean 'org.springframework.cloud.autoconfigure.RefreshEndpointAutoConfiguration' of type [class org.springframework.cloud.autoconfigure.RefreshEndpointAutoConfiguration$$EnhancerBySpringCGLIB$$af895c69] is not eligible for getting processed by all BeanPostProcessors (for example: not eligible for auto-proxying)
2019-01-12 16:28:39,243 INFO  [main]  o.s.b.c.e.j.JettyEmbeddedServletContainerFactory - Server initialized with port: 31663
2019-01-12 16:28:39,255 INFO  [main]  org.eclipse.jetty.server.Server - jetty-9.2.19.v20160908
2019-01-12 16:28:40,059 INFO  [main]  application - Initializing Spring embedded WebApplicationContext
2019-01-12 16:28:40,060 INFO  [main]  o.s.web.context.ContextLoader - Root WebApplicationContext: initialization completed in 10922 ms
2019-01-12 16:28:42,130 INFO  [main]  o.s.b.c.e.FilterRegistrationBean - Mapping filter: 'metricsFilter' to: [/*]
2019-01-12 16:28:42,131 INFO  [main]  o.s.b.c.e.FilterRegistrationBean - Mapping filter: 'characterEncodingFilter' to: [/*]
2019-01-12 16:28:42,134 INFO  [main]  o.s.b.c.e.DelegatingFilterProxyRegistrationBean - Mapping filter: 'springSecurityFilterChain' to: [/*]
2019-01-12 16:28:42,134 INFO  [main]  o.s.b.c.e.FilterRegistrationBean - Mapping filter: 'webRequestLoggingFilter' to: [/*]
2019-01-12 16:28:42,134 INFO  [main]  o.s.b.c.e.FilterRegistrationBean - Mapping filter: 'applicationContextIdFilter' to: [/*]
2019-01-12 16:28:42,134 INFO  [main]  o.s.b.c.e.ServletRegistrationBean - Mapping servlet: 'dispatcherServlet' to [/]
2019-01-12 16:28:42,947 INFO  [main]  o.e.j.server.handler.ContextHandler - Started o.s.b.c.e.j.JettyEmbeddedWebAppContext@3b35a229{/,file:/tmp/jetty-docbase.1820958953173780148.31663/,AVAILABLE}
2019-01-12 16:28:42,952 INFO  [main]  org.eclipse.jetty.server.Server - Started @34304ms
2019-01-12 16:28:43,070 WARN  [main]  c.n.c.sources.URLConfigurationSource - No URLs will be polled as dynamic configuration sources.
2019-01-12 16:28:43,071 INFO  [main]  c.n.c.sources.URLConfigurationSource - To enable URLs as dynamic configuration sources, define System property archaius.configurationSource.additionalUrls or make config.properties available on classpath.
2019-01-12 16:28:43,338 INFO  [main]  o.s.c.a.AnnotationConfigApplicationContext - Refreshing org.springframework.context.annotation.AnnotationConfigApplicationContext@24959ca4: startup date [Sat Jan 12 16:28:43 CST 2019]; parent: org.springframework.boot.context.embedded.AnnotationConfigEmbeddedWebApplicationContext@47f6473
2019-01-12 16:28:43,418 INFO  [main]  o.s.b.f.a.AutowiredAnnotationBeanPostProcessor - JSR-330 'javax.inject.Inject' annotation found and supported for autowiring
2019-01-12 16:28:43,994 INFO  [main]  c.e.a.r.c.w.CommonWebServiceAutoConfiguration - enable CommonWebServiceAutoConfiguration
2019-01-12 16:28:45,506 INFO  [main]  o.s.c.a.AnnotationConfigApplicationContext - Refreshing org.springframework.context.annotation.AnnotationConfigApplicationContext@62833051: startup date [Sat Jan 12 16:28:45 CST 2019]; parent: org.springframework.boot.context.embedded.AnnotationConfigEmbeddedWebApplicationContext@47f6473
2019-01-12 16:28:45,563 INFO  [main]  o.s.b.f.a.AutowiredAnnotationBeanPostProcessor - JSR-330 'javax.inject.Inject' annotation found and supported for autowiring
2019-01-12 16:28:46,610 INFO  [main]  org.ehcache.core.EhcacheManager - Cache 'nluCache' created in EhcacheManager.
2019-01-12 16:31:48,163 DEBUG [main]  c.e.a.r.nlu.service.NLUService - NLUService init: http://kg.robotapi.easemob.com
2019-01-12 16:31:48,496 INFO  [main]  e.s.nlp.pipeline.StanfordCoreNLP - Registering annotator segment with class com.easemob.ai.robotapi.nlulib.postag.stanford.csannotator.NLUChineseSegmenterAnnotator
2019-01-12 16:31:48,497 INFO  [main]  e.s.nlp.pipeline.StanfordCoreNLP - Adding annotator segment
2019-01-12 16:31:48,539 INFO  [main]  e.s.nlp.pipeline.StanfordCoreNLP - Adding annotator ssplit
2019-01-12 16:31:48,549 INFO  [main]  e.s.nlp.pipeline.StanfordCoreNLP - Adding annotator pos
2019-01-12 16:31:50,301 INFO  [main]  e.s.nlp.pipeline.StanfordCoreNLP - Adding annotator ner
2019-01-12 16:32:01,785 INFO  [main]  e.s.nlp.pipeline.StanfordCoreNLP - Registering annotator segment with class com.easemob.ai.robotapi.nlulib.parser.TabSegmenterAnnotator
2019-01-12 16:32:01,786 INFO  [main]  e.s.nlp.pipeline.StanfordCoreNLP - Adding annotator segment
2019-01-12 16:32:01,787 INFO  [main]  e.s.nlp.pipeline.StanfordCoreNLP - Adding annotator ssplit
2019-01-12 16:32:01,787 INFO  [main]  e.s.nlp.pipeline.StanfordCoreNLP - Adding annotator parse
2019-01-12 16:32:01,787 INFO  [main]  e.s.nlp.parser.common.ParserGrammar - Loading parser from serialized file edu/stanford/nlp/models/lexparser/xinhuaFactored.ser.gz ... 
2019-01-12 16:32:09,977 INFO  [main]  c.e.a.r.c.w.CommonWebServiceAutoConfiguration - add interceptor size:1
2019-01-12 16:32:09,992 INFO  [main]  c.e.a.r.c.w.CommonWebServiceAutoConfiguration - add interceptor:com.easemob.ai.robotapi.common.webservice.interceptor.AccessInterceptor
2019-01-12 16:32:10,840 INFO  [main]  o.s.w.s.m.m.a.RequestMappingHandlerMapping - Mapped "{[/],methods=[GET]}" onto public java.lang.String com.easemob.ai.robotapi.nlu.rest.DefaultController.hello()
2019-01-12 16:32:10,853 INFO  [main]  o.s.w.s.m.m.a.RequestMappingHandlerMapping - Mapped "{[/v1/robotapi/nlu/{robotId}/entity/system],methods=[GET]}" onto public com.easemob.ai.robotapi.common.response.ApiResponse<java.util.List<com.easemob.ai.robotapi.nlu.data.SystemEntity>> com.easemob.ai.robotapi.nlu.rest.EntityController.listSystemEntity(java.lang.String)
2019-01-12 16:32:10,854 INFO  [main]  o.s.w.s.m.m.a.RequestMappingHandlerMapping - Mapped "{[/v1/robotapi/nlu/{robotId}/entity/user],methods=[GET]}" onto public com.easemob.ai.robotapi.common.response.ApiResponse<java.util.List<com.easemob.ai.robotapi.nlu.data.UserEntity>> com.easemob.ai.robotapi.nlu.rest.EntityController.listUserEntity(java.lang.String)
2019-01-12 16:32:10,855 INFO  [main]  o.s.w.s.m.m.a.RequestMappingHandlerMapping - Mapped "{[/v1/robotapi/nlu/{robotId}/entity/reload],methods=[GET]}" onto public com.easemob.ai.robotapi.common.response.ApiResponse<java.lang.Boolean> com.easemob.ai.robotapi.nlu.rest.EntityController.reloadEntity(java.lang.String)
2019-01-12 16:32:10,855 INFO  [main]  o.s.w.s.m.m.a.RequestMappingHandlerMapping - Mapped "{[/v1/robotapi/nlu/{robotId}/entity/recognize],methods=[GET]}" onto public com.easemob.ai.robotapi.common.response.ApiResponse<java.util.List<com.easemob.ai.robotapi.common.ner.NerToken>> com.easemob.ai.robotapi.nlu.rest.EntityController.recognizeEntity(java.lang.String,java.lang.String)
2019-01-12 16:32:10,856 INFO  [main]  o.s.w.s.m.m.a.RequestMappingHandlerMapping - Mapped "{[/v1/robotapi/nlu/{robotId}/entity/system],methods=[POST]}" onto public com.easemob.ai.robotapi.common.response.ApiResponse<java.lang.Boolean> com.easemob.ai.robotapi.nlu.rest.EntityController.updateSystemEntityEnable(java.lang.String,java.lang.String,boolean)
2019-01-12 16:32:10,857 INFO  [main]  o.s.w.s.m.m.a.RequestMappingHandlerMapping - Mapped "{[/v1/robotapi/nlu/{robotId}/entity/user/{id}],methods=[GET]}" onto public com.easemob.ai.robotapi.common.response.ApiResponse<com.easemob.ai.robotapi.nlu.data.UserEntity> com.easemob.ai.robotapi.nlu.rest.EntityController.getUserEntity(java.lang.String,java.lang.String)
2019-01-12 16:32:10,858 INFO  [main]  o.s.w.s.m.m.a.RequestMappingHandlerMapping - Mapped "{[/v1/robotapi/nlu/{robotId}/entity/user],methods=[POST]}" onto public com.easemob.ai.robotapi.common.response.ApiResponse<com.easemob.ai.robotapi.nlu.data.UserEntity> com.easemob.ai.robotapi.nlu.rest.EntityController.saveUserEntity(java.lang.String,com.easemob.ai.robotapi.nlu.data.UserEntity)
2019-01-12 16:32:10,859 INFO  [main]  o.s.w.s.m.m.a.RequestMappingHandlerMapping - Mapped "{[/v1/robotapi/nlu/{robotId}/entity/user/{id}],methods=[DELETE]}" onto public com.easemob.ai.robotapi.common.response.ApiResponse<java.lang.Boolean> com.easemob.ai.robotapi.nlu.rest.EntityController.deleteUserEntity(java.lang.String,java.lang.String)
2019-01-12 16:32:10,874 INFO  [main]  o.s.w.s.m.m.a.RequestMappingHandlerMapping - Mapped "{[/v1/robotapi/nlu/{robotId}/reload_entity],methods=[GET]}" onto public boolean com.easemob.ai.robotapi.nlu.rest.NluServerController.reloadEntity(java.lang.String)
2019-01-12 16:32:10,875 INFO  [main]  o.s.w.s.m.m.a.RequestMappingHandlerMapping - Mapped "{[/v1/robotapi/nlu/{robotId}/regex_tagger/get],methods=[GET]}" onto public com.easemob.ai.robotapi.nlu.data.CommonResponse<com.easemob.ai.robotapi.nlu.data.TaggerConfig> com.easemob.ai.robotapi.nlu.rest.NluServerController.getRegexTagger(java.lang.String,java.lang.String)
2019-01-12 16:32:10,876 INFO  [main]  o.s.w.s.m.m.a.RequestMappingHandlerMapping - Mapped "{[/v1/robotapi/nlu/{robotId}/reload_wsdicts],methods=[GET]}" onto public boolean com.easemob.ai.robotapi.nlu.rest.NluServerController.reloadWsDicts(java.lang.String)
2019-01-12 16:32:10,877 INFO  [main]  o.s.w.s.m.m.a.RequestMappingHandlerMapping - Mapped "{[/v1/robotapi/nlu/{robotId}/w2v_simwords],methods=[GET]}" onto public java.util.List<java.lang.String> com.easemob.ai.robotapi.nlu.rest.NluServerController.getW2VSimilarWords(java.lang.String,java.lang.String,int)
2019-01-12 16:32:10,877 INFO  [main]  o.s.w.s.m.m.a.RequestMappingHandlerMapping - Mapped "{[/v1/robotapi/nlu/{robotId}/prebuild_tagger],methods=[GET]}" onto public com.easemob.ai.robotapi.common.response.ApiResponse<java.util.List<com.easemob.ai.robotapi.nlu.data.PrebuildTaggerConfig>> com.easemob.ai.robotapi.nlu.rest.NluServerController.getPrebuildTaggerConfig(java.lang.String)
2019-01-12 16:32:10,878 INFO  [main]  o.s.w.s.m.m.a.RequestMappingHandlerMapping - Mapped "{[/v1/robotapi/nlu/{robotId}/prebuild_tagger],methods=[POST]}" onto public com.easemob.ai.robotapi.common.response.ApiResponse<java.lang.Boolean> com.easemob.ai.robotapi.nlu.rest.NluServerController.savePrebuildTaggerConfig(java.lang.String,com.easemob.ai.robotapi.nlu.data.PrebuildTaggerConfigRequest)
2019-01-12 16:32:10,879 INFO  [main]  o.s.w.s.m.m.a.RequestMappingHandlerMapping - Mapped "{[/v1/robotapi/nlu/{robotId}/prebuild_tagger/{tag}/{enable}],methods=[POST]}" onto public com.easemob.ai.robotapi.common.response.ApiResponse<java.lang.Boolean> com.easemob.ai.robotapi.nlu.rest.NluServerController.updatePrebuildTaggerConfig(java.lang.String,java.lang.String,boolean)
2019-01-12 16:32:10,879 INFO  [main]  o.s.w.s.m.m.a.RequestMappingHandlerMapping - Mapped "{[/v1/robotapi/nlu/{robotId}/dict_tagger],methods=[GET]}" onto public com.easemob.ai.robotapi.common.response.ApiResponse<java.util.List<com.easemob.ai.robotapi.kg.common.data.dict.Dict>> com.easemob.ai.robotapi.nlu.rest.NluServerController.listUserDefineEntityDict(java.lang.String)
2019-01-12 16:32:10,880 INFO  [main]  o.s.w.s.m.m.a.RequestMappingHandlerMapping - Mapped "{[/v1/robotapi/nlu/{robotId}/dict_tagger],methods=[POST]}" onto public com.easemob.ai.robotapi.common.response.ApiResponse<com.easemob.ai.robotapi.kg.common.data.dict.Dict> com.easemob.ai.robotapi.nlu.rest.NluServerController.saveAsUserDefineEntityDict(java.lang.String,com.easemob.ai.robotapi.kg.common.data.dict.Dict)
2019-01-12 16:32:10,881 INFO  [main]  o.s.w.s.m.m.a.RequestMappingHandlerMapping - Mapped "{[/v1/robotapi/nlu/{robotId}/entityRecognize],methods=[GET]}" onto public com.easemob.ai.robotapi.common.response.ApiResponse<java.util.List<com.easemob.ai.robotapi.common.ner.NerToken>> com.easemob.ai.robotapi.nlu.rest.NluServerController.recognizeEntity(java.lang.String,java.lang.String) throws com.easemob.ai.robotapi.nlu.api.NluLibException
2019-01-12 16:32:10,881 INFO  [main]  o.s.w.s.m.m.a.RequestMappingHandlerMapping - Mapped "{[/v1/robotapi/nlu/{robotId}/chartagger],methods=[POST]}" onto public com.easemob.ai.robotapi.nlu.data.CommonResponse<java.util.List<com.easemob.ai.robotapi.common.ner.NerToken>> com.easemob.ai.robotapi.nlu.rest.NluServerController.doNer(java.lang.String,com.easemob.ai.robotapi.nlu.data.NERRequest)
2019-01-12 16:32:10,882 INFO  [main]  o.s.w.s.m.m.a.RequestMappingHandlerMapping - Mapped "{[/v1/robotapi/nlu/{robotId}/regex_tagger/add],methods=[POST]}" onto public com.easemob.ai.robotapi.nlu.data.CommonResponse<java.lang.String> com.easemob.ai.robotapi.nlu.rest.NluServerController.addRegexTagger(java.lang.String,com.easemob.ai.robotapi.nlu.data.TaggerConfig)
2019-01-12 16:32:10,883 INFO  [main]  o.s.w.s.m.m.a.RequestMappingHandlerMapping - Mapped "{[/v1/robotapi/nlu/{robotId}/regex_tagger/update],methods=[POST]}" onto public com.easemob.ai.robotapi.nlu.data.CommonResponse<java.lang.Boolean> com.easemob.ai.robotapi.nlu.rest.NluServerController.updateRegexTagger(java.lang.String,com.easemob.ai.robotapi.nlu.data.TaggerConfig)
2019-01-12 16:32:10,883 INFO  [main]  o.s.w.s.m.m.a.RequestMappingHandlerMapping - Mapped "{[/v1/robotapi/nlu/{robotId}/regex_tagger/getAll],methods=[GET]}" onto public com.easemob.ai.robotapi.nlu.data.CommonResponse<java.util.List<com.easemob.ai.robotapi.nlu.data.TaggerConfig>> com.easemob.ai.robotapi.nlu.rest.NluServerController.getRegexTaggers(java.lang.String)
2019-01-12 16:32:10,884 INFO  [main]  o.s.w.s.m.m.a.RequestMappingHandlerMapping - Mapped "{[/v1/robotapi/nlu/{robotId}/regex_tagger/del],methods=[GET]}" onto public com.easemob.ai.robotapi.nlu.data.CommonResponse<java.lang.Boolean> com.easemob.ai.robotapi.nlu.rest.NluServerController.delRegexTagger(java.lang.String,java.lang.String)
2019-01-12 16:32:10,885 INFO  [main]  o.s.w.s.m.m.a.RequestMappingHandlerMapping - Mapped "{[/v1/robotapi/nlu/{robotId}/regex_tagger/reload],methods=[GET]}" onto public com.easemob.ai.robotapi.nlu.data.CommonResponse<java.lang.Boolean> com.easemob.ai.robotapi.nlu.rest.NluServerController.reloadRegexTagger(java.lang.String)
2019-01-12 16:32:10,886 INFO  [main]  o.s.w.s.m.m.a.RequestMappingHandlerMapping - Mapped "{[/v1/robotapi/nlu/{robotId}/pipeline],methods=[POST]}" onto public com.easemob.ai.robotapi.common.nlu.NLUResponse com.easemob.ai.robotapi.nlu.rest.NluServerController.doNLU(java.lang.String,com.easemob.ai.robotapi.nlu.data.NLURequest)
2019-01-12 16:32:10,886 INFO  [main]  o.s.w.s.m.m.a.RequestMappingHandlerMapping - Mapped "{[/v1/robotapi/nlu/{robotId}/pipeline_batch],methods=[POST]}" onto public java.util.ArrayList<com.easemob.ai.robotapi.common.nlu.NLUResult> com.easemob.ai.robotapi.nlu.rest.NluServerController.doNLUBatch(java.lang.String,com.easemob.ai.robotapi.nlu.data.NLUBatchRequest)
2019-01-12 16:32:10,887 INFO  [main]  o.s.w.s.m.m.a.RequestMappingHandlerMapping - Mapped "{[/v1/robotapi/nlu/{robotId}/parser],methods=[POST]}" onto public com.easemob.ai.robotapi.nlulib.parser.ParseTree com.easemob.ai.robotapi.nlu.rest.NluServerController.parse(java.lang.String,com.easemob.ai.robotapi.nlu.data.ParseRequest)
2019-01-12 16:32:10,906 INFO  [main]  o.s.w.s.m.m.a.RequestMappingHandlerMapping - Mapped "{[/v2/api-docs],methods=[GET],produces=[application/json || application/hal+json]}" onto public org.springframework.http.ResponseEntity<springfox.documentation.spring.web.json.Json> springfox.documentation.swagger2.web.Swagger2Controller.getDocumentation(java.lang.String,javax.servlet.http.HttpServletRequest)
2019-01-12 16:32:10,925 INFO  [main]  o.s.w.s.m.m.a.RequestMappingHandlerMapping - Mapped "{[/swagger-resources/configuration/ui]}" onto org.springframework.http.ResponseEntity<springfox.documentation.swagger.web.UiConfiguration> springfox.documentation.swagger.web.ApiResourceController.uiConfiguration()
2019-01-12 16:32:10,927 INFO  [main]  o.s.w.s.m.m.a.RequestMappingHandlerMapping - Mapped "{[/swagger-resources]}" onto org.springframework.http.ResponseEntity<java.util.List<springfox.documentation.swagger.web.SwaggerResource>> springfox.documentation.swagger.web.ApiResourceController.swaggerResources()
2019-01-12 16:32:10,929 INFO  [main]  o.s.w.s.m.m.a.RequestMappingHandlerMapping - Mapped "{[/swagger-resources/configuration/security]}" onto org.springframework.http.ResponseEntity<springfox.documentation.swagger.web.SecurityConfiguration> springfox.documentation.swagger.web.ApiResourceController.securityConfiguration()
2019-01-12 16:32:10,982 INFO  [main]  o.s.w.s.m.m.a.RequestMappingHandlerMapping - Mapped "{[/error],produces=[text/html]}" onto public org.springframework.web.servlet.ModelAndView org.springframework.boot.autoconfigure.web.BasicErrorController.errorHtml(javax.servlet.http.HttpServletRequest,javax.servlet.http.HttpServletResponse)
2019-01-12 16:32:10,983 INFO  [main]  o.s.w.s.m.m.a.RequestMappingHandlerMapping - Mapped "{[/error]}" onto public org.springframework.http.ResponseEntity<java.util.Map<java.lang.String, java.lang.Object>> org.springframework.boot.autoconfigure.web.BasicErrorController.error(javax.servlet.http.HttpServletRequest)
2019-01-12 16:32:11,716 INFO  [main]  application - jolokia: No access restrictor found, access to any MBean is allowed
2019-01-12 16:32:16,647 INFO  [main]  o.s.b.a.e.mvc.EndpointHandlerMapping - Mapped "{[/management/env],methods=[POST]}" onto public java.lang.Object org.springframework.cloud.context.environment.EnvironmentManagerMvcEndpoint.value(java.util.Map<java.lang.String, java.lang.String>)
2019-01-12 16:32:16,648 INFO  [main]  o.s.b.a.e.mvc.EndpointHandlerMapping - Mapped "{[/management/env/reset],methods=[POST]}" onto public java.util.Map<java.lang.String, java.lang.Object> org.springframework.cloud.context.environment.EnvironmentManagerMvcEndpoint.reset()
2019-01-12 16:32:16,649 INFO  [main]  o.s.b.a.e.mvc.EndpointHandlerMapping - Mapped "{[/management/mappings || /management/mappings.json],methods=[GET],produces=[application/json]}" onto public java.lang.Object org.springframework.boot.actuate.endpoint.mvc.EndpointMvcAdapter.invoke()
2019-01-12 16:32:16,650 INFO  [main]  o.s.b.a.e.mvc.EndpointHandlerMapping - Mapped "{[/management/features || /management/features.json],methods=[GET],produces=[application/json]}" onto public java.lang.Object org.springframework.boot.actuate.endpoint.mvc.EndpointMvcAdapter.invoke()
2019-01-12 16:32:16,651 INFO  [main]  o.s.b.a.e.mvc.EndpointHandlerMapping - Mapped "{[/management/beans || /management/beans.json],methods=[GET],produces=[application/json]}" onto public java.lang.Object org.springframework.boot.actuate.endpoint.mvc.EndpointMvcAdapter.invoke()
2019-01-12 16:32:16,652 INFO  [main]  o.s.b.a.e.mvc.EndpointHandlerMapping - Mapped "{[/management/pause || /management/pause.json],methods=[POST]}" onto public java.lang.Object org.springframework.cloud.endpoint.GenericPostableMvcEndpoint.invoke()
2019-01-12 16:32:16,653 INFO  [main]  o.s.b.a.e.mvc.EndpointHandlerMapping - Mapped "{[/management/env/{name:.*}],methods=[GET],produces=[application/json]}" onto public java.lang.Object org.springframework.boot.actuate.endpoint.mvc.EnvironmentMvcEndpoint.value(java.lang.String)
2019-01-12 16:32:16,654 INFO  [main]  o.s.b.a.e.mvc.EndpointHandlerMapping - Mapped "{[/management/env || /management/env.json],methods=[GET],produces=[application/json]}" onto public java.lang.Object org.springframework.boot.actuate.endpoint.mvc.EndpointMvcAdapter.invoke()
2019-01-12 16:32:16,655 INFO  [main]  o.s.b.a.e.mvc.EndpointHandlerMapping - Mapped "{[/management/refresh || /management/refresh.json],methods=[POST]}" onto public java.lang.Object org.springframework.cloud.endpoint.GenericPostableMvcEndpoint.invoke()
2019-01-12 16:32:16,656 INFO  [main]  o.s.b.a.e.mvc.EndpointHandlerMapping - Mapped "{[/management/consul || /management/consul.json],methods=[GET],produces=[application/json]}" onto public java.lang.Object org.springframework.boot.actuate.endpoint.mvc.EndpointMvcAdapter.invoke()
2019-01-12 16:32:16,657 INFO  [main]  o.s.b.a.e.mvc.EndpointHandlerMapping - Mapped "{[/management/info || /management/info.json],methods=[GET],produces=[application/json]}" onto public java.lang.Object org.springframework.boot.actuate.endpoint.mvc.EndpointMvcAdapter.invoke()
2019-01-12 16:32:16,658 INFO  [main]  o.s.b.a.e.mvc.EndpointHandlerMapping - Mapped "{[/management/archaius || /management/archaius.json],methods=[GET],produces=[application/json]}" onto public java.lang.Object org.springframework.boot.actuate.endpoint.mvc.EndpointMvcAdapter.invoke()
2019-01-12 16:32:16,659 INFO  [main]  o.s.b.a.e.mvc.EndpointHandlerMapping - Mapped "{[/management/autoconfig || /management/autoconfig.json],methods=[GET],produces=[application/json]}" onto public java.lang.Object org.springframework.boot.actuate.endpoint.mvc.EndpointMvcAdapter.invoke()
2019-01-12 16:32:16,660 INFO  [main]  o.s.b.a.e.mvc.EndpointHandlerMapping - Mapped "{[/management/health || /management/health.json],produces=[application/json]}" onto public java.lang.Object org.springframework.boot.actuate.endpoint.mvc.HealthMvcEndpoint.invoke(java.security.Principal)
2019-01-12 16:32:16,661 INFO  [main]  o.s.b.a.e.mvc.EndpointHandlerMapping - Mapped "{[/management/jolokia/**]}" onto public org.springframework.web.servlet.ModelAndView org.springframework.boot.actuate.endpoint.mvc.JolokiaMvcEndpoint.handle(javax.servlet.http.HttpServletRequest,javax.servlet.http.HttpServletResponse) throws java.lang.Exception
2019-01-12 16:32:16,662 INFO  [main]  o.s.b.a.e.mvc.EndpointHandlerMapping - Mapped "{[/management/restart || /management/restart.json],methods=[POST]}" onto public java.lang.Object org.springframework.cloud.context.restart.RestartMvcEndpoint.invoke()
2019-01-12 16:32:16,663 INFO  [main]  o.s.b.a.e.mvc.EndpointHandlerMapping - Mapped "{[/management/configprops || /management/configprops.json],methods=[GET],produces=[application/json]}" onto public java.lang.Object org.springframework.boot.actuate.endpoint.mvc.EndpointMvcAdapter.invoke()
2019-01-12 16:32:16,664 INFO  [main]  o.s.b.a.e.mvc.EndpointHandlerMapping - Mapped "{[/management/metrics/{name:.*}],methods=[GET],produces=[application/json]}" onto public java.lang.Object org.springframework.boot.actuate.endpoint.mvc.MetricsMvcEndpoint.value(java.lang.String)
2019-01-12 16:32:16,665 INFO  [main]  o.s.b.a.e.mvc.EndpointHandlerMapping - Mapped "{[/management/metrics || /management/metrics.json],methods=[GET],produces=[application/json]}" onto public java.lang.Object org.springframework.boot.actuate.endpoint.mvc.EndpointMvcAdapter.invoke()
2019-01-12 16:32:16,666 INFO  [main]  o.s.b.a.e.mvc.EndpointHandlerMapping - Mapped "{[/management/resume || /management/resume.json],methods=[POST]}" onto public java.lang.Object org.springframework.cloud.endpoint.GenericPostableMvcEndpoint.invoke()
2019-01-12 16:32:16,666 INFO  [main]  o.s.b.a.e.mvc.EndpointHandlerMapping - Mapped "{[/management/trace || /management/trace.json],methods=[GET],produces=[application/json]}" onto public java.lang.Object org.springframework.boot.actuate.endpoint.mvc.EndpointMvcAdapter.invoke()
2019-01-12 16:32:16,667 INFO  [main]  o.s.b.a.e.mvc.EndpointHandlerMapping - Mapped "{[/management/dump || /management/dump.json],methods=[GET],produces=[application/json]}" onto public java.lang.Object org.springframework.boot.actuate.endpoint.mvc.EndpointMvcAdapter.invoke()
2019-01-12 16:32:17,140 INFO  [main]  o.s.w.s.h.SimpleUrlHandlerMapping - Mapped URL path [/swagger-ui.html] onto handler of type [class org.springframework.web.servlet.resource.ResourceHttpRequestHandler]
2019-01-12 16:32:17,140 INFO  [main]  o.s.w.s.h.SimpleUrlHandlerMapping - Mapped URL path [/webjars/**] onto handler of type [class org.springframework.web.servlet.resource.ResourceHttpRequestHandler]
2019-01-12 16:32:17,365 INFO  [main]  o.s.w.s.m.m.a.RequestMappingHandlerAdapter - Looking for @ControllerAdvice: org.springframework.boot.context.embedded.AnnotationConfigEmbeddedWebApplicationContext@47f6473: startup date [Sat Jan 12 16:28:29 CST 2019]; parent: org.springframework.context.annotation.AnnotationConfigApplicationContext@16f65612
2019-01-12 16:32:17,520 INFO  [main]  o.s.w.s.m.m.a.ExceptionHandlerExceptionResolver - Detected @ExceptionHandler methods in nluExceptionHandler
2019-01-12 16:32:17,802 INFO  [main]  c.e.w.k.m.MetricsStatsdConfiguration - Configuring StatsdMetricWriter to export to NluServer 127.0.0.1:8125
2019-01-12 16:32:18,648 INFO  [main]  o.s.s.web.DefaultSecurityFilterChain - Creating filter chain: OrRequestMatcher [requestMatchers=[Ant [pattern='/css/**'], Ant [pattern='/js/**'], Ant [pattern='/images/**'], Ant [pattern='/**/favicon.ico'], Ant [pattern='/error']]], []
2019-01-12 16:32:18,995 INFO  [main]  o.s.s.web.DefaultSecurityFilterChain - Creating filter chain: Ant [pattern='/management/**'], [org.springframework.security.web.context.request.async.WebAsyncManagerIntegrationFilter@488f3dd1, org.springframework.security.web.context.SecurityContextPersistenceFilter@1d98daa0, org.springframework.security.web.header.HeaderWriterFilter@4f2d014a, org.springframework.security.web.authentication.logout.LogoutFilter@7499eac7, org.springframework.security.web.authentication.www.BasicAuthenticationFilter@d88f893, org.springframework.security.web.savedrequest.RequestCacheAwareFilter@7bdf61ad, org.springframework.security.web.servletapi.SecurityContextHolderAwareRequestFilter@f25f48a, org.springframework.security.web.authentication.AnonymousAuthenticationFilter@2091833, org.springframework.security.web.session.SessionManagementFilter@a7cf42f, org.springframework.security.web.access.ExceptionTranslationFilter@484149eb, org.springframework.security.web.access.intercept.FilterSecurityInterceptor@3728a578]
2019-01-12 16:32:19,006 INFO  [main]  o.s.s.web.DefaultSecurityFilterChain - Creating filter chain: OrRequestMatcher [requestMatchers=[Ant [pattern='/management']]], [org.springframework.security.web.context.request.async.WebAsyncManagerIntegrationFilter@7a8341c1, org.springframework.security.web.context.SecurityContextPersistenceFilter@1c93b51e, org.springframework.security.web.header.HeaderWriterFilter@7f353a0f, org.springframework.security.web.authentication.logout.LogoutFilter@467b0f6e, org.springframework.security.web.authentication.www.BasicAuthenticationFilter@474179fa, org.springframework.security.web.savedrequest.RequestCacheAwareFilter@7c0f28f8, org.springframework.security.web.servletapi.SecurityContextHolderAwareRequestFilter@2abc8034, org.springframework.security.web.authentication.AnonymousAuthenticationFilter@ca8ef3a, org.springframework.security.web.session.SessionManagementFilter@7ea2412c, org.springframework.security.web.access.ExceptionTranslationFilter@2668c286, org.springframework.security.web.access.intercept.FilterSecurityInterceptor@5e230fc6]
2019-01-12 16:32:20,054 WARN  [main]  c.n.c.sources.URLConfigurationSource - No URLs will be polled as dynamic configuration sources.
2019-01-12 16:32:20,054 INFO  [main]  c.n.c.sources.URLConfigurationSource - To enable URLs as dynamic configuration sources, define System property archaius.configurationSource.additionalUrls or make config.properties available on classpath.
2019-01-12 16:32:23,075 INFO  [main]  application - jolokia: No access restrictor found, access to any MBean is allowed
2019-01-12 16:32:23,121 INFO  [main]  application - jolokia: jolokia:type=Config is already registered. Adding it with jolokia:type=Config,uuid=2ecd0a7c-5128-46e4-b329-84c588785867, but you should revise your setup in order to either use a qualifier or ensure, that only a single agent gets registered (otherwise history functionality might not work)
2019-01-12 16:32:23,122 INFO  [main]  application - jolokia: Cannot register (legacy) MBean handler for config store with name jmx4perl:type=Config since it already exists. This is the case if another agent has been already started within the same JVM. The registration is skipped.
2019-01-12 16:32:23,123 INFO  [main]  application - jolokia: Jolokia Discovery MBean registration is skipped because there is already one registered.
2019-01-12 16:32:24,568 INFO  [main]  o.s.c.s.DefaultLifecycleProcessor - Starting beans in phase 0
2019-01-12 16:32:24,570 INFO  [main]  o.s.c.s.DefaultLifecycleProcessor - Starting beans in phase 2147483647
2019-01-12 16:32:24,571 INFO  [main]  s.d.s.w.p.DocumentationPluginsBootstrapper - Context refreshed
2019-01-12 16:32:24,716 INFO  [main]  s.d.s.w.p.DocumentationPluginsBootstrapper - Found 1 custom documentation plugin(s)
2019-01-12 16:32:24,767 INFO  [main]  s.d.s.w.s.ApiListingReferenceScanner - Scanning for api listing references
2019-01-12 16:32:25,577 WARN  [main]  s.d.s.r.o.OperationImplicitParameterReader - Coercing to be of type string. This may not even be a scalar type in actuality
2019-01-12 16:32:26,164 WARN  [main]  s.d.s.r.o.OperationImplicitParameterReader - Coercing to be of type string. This may not even be a scalar type in actuality
2019-01-12 16:32:26,165 WARN  [main]  s.d.s.r.o.OperationImplicitParameterReader - Coercing to be of type string. This may not even be a scalar type in actuality
2019-01-12 16:32:26,209 WARN  [main]  s.d.s.r.o.OperationImplicitParameterReader - Coercing to be of type string. This may not even be a scalar type in actuality
2019-01-12 16:32:26,210 WARN  [main]  s.d.s.r.o.OperationImplicitParameterReader - Coercing to be of type string. This may not even be a scalar type in actuality
2019-01-12 16:32:26,325 WARN  [main]  s.d.s.r.o.OperationImplicitParameterReader - Coercing to be of type string. This may not even be a scalar type in actuality
2019-01-12 16:32:26,485 WARN  [main]  s.d.s.r.o.OperationImplicitParameterReader - Coercing to be of type string. This may not even be a scalar type in actuality
2019-01-12 16:32:26,562 WARN  [main]  s.d.s.r.o.OperationImplicitParameterReader - Coercing to be of type string. This may not even be a scalar type in actuality
2019-01-12 16:32:26,571 INFO  [main]  s.d.s.w.r.o.CachingOperationNameGenerator - Generating unique operation named: recognizeEntityUsingGET_1
2019-01-12 16:32:26,600 INFO  [main]  s.d.s.w.r.o.CachingOperationNameGenerator - Generating unique operation named: reloadEntityUsingGET_1
2019-01-12 16:32:26,707 WARN  [main]  s.d.s.r.o.OperationImplicitParameterReader - Coercing to be of type string. This may not even be a scalar type in actuality
2019-01-12 16:32:26,741 WARN  [main]  s.d.s.r.o.OperationImplicitParameterReader - Coercing to be of type string. This may not even be a scalar type in actuality
2019-01-12 16:32:26,789 WARN  [main]  s.d.s.r.o.OperationImplicitParameterReader - Coercing to be of type string. This may not even be a scalar type in actuality
2019-01-12 16:32:26,875 INFO  [main]  c.e.a.r.n.service.ApplicationStartup - start init nlu server on listen  ApplicationPreparedEvent and deploymentPlatfrom is publiccloud
2019-01-12 16:32:26,875 INFO  [main]  c.e.a.r.nlu.service.NLUService - warmup start
2019-01-12 16:32:27,854 ERROR [main]  c.e.a.r.kg.client.apiclient.KGClient - Not Found
org.apache.http.client.HttpResponseException: Not Found
	at org.apache.http.impl.client.AbstractResponseHandler.handleResponse(AbstractResponseHandler.java:69)
	at org.apache.http.client.fluent.Response.handleResponse(Response.java:90)
	at org.apache.http.client.fluent.Response.returnContent(Response.java:97)
	at com.easemob.ai.robotapi.kg.client.apiclient.httpclient.KGHTTPClient.getAll(KGHTTPClient.java:302)
	at com.easemob.ai.robotapi.kg.client.apiclient.KGClient.getAll(KGClient.java:554)
	at com.easemob.ai.robotapi.nlulib.pipeline.WordSegDictManager.getOrFetchDictItem(WordSegDictManager.java:95)
	at com.easemob.ai.robotapi.nlulib.pipeline.DefaultPipeLine.process(DefaultPipeLine.java:175)
	at com.easemob.ai.robotapi.nlu.service.NLUService.doNLU(NLUService.java:114)
	at com.easemob.ai.robotapi.nlu.service.NLUService.warmUp(NLUService.java:77)
	at com.easemob.ai.robotapi.nlu.service.ApplicationStartup.onApplicationEvent(ApplicationStartup.java:29)
	at com.easemob.ai.robotapi.nlu.service.ApplicationStartup.onApplicationEvent(ApplicationStartup.java:11)
	at org.springframework.context.event.SimpleApplicationEventMulticaster.invokeListener(SimpleApplicationEventMulticaster.java:163)
	at org.springframework.context.event.SimpleApplicationEventMulticaster.multicastEvent(SimpleApplicationEventMulticaster.java:136)
	at org.springframework.context.support.AbstractApplicationContext.publishEvent(AbstractApplicationContext.java:381)
	at org.springframework.context.support.AbstractApplicationContext.publishEvent(AbstractApplicationContext.java:335)
	at org.springframework.cloud.context.restart.RestartListener.onApplicationEvent(RestartListener.java:68)
	at org.springframework.context.event.SimpleApplicationEventMulticaster.invokeListener(SimpleApplicationEventMulticaster.java:163)
	at org.springframework.context.event.SimpleApplicationEventMulticaster.multicastEvent(SimpleApplicationEventMulticaster.java:136)
	at org.springframework.context.support.AbstractApplicationContext.publishEvent(AbstractApplicationContext.java:381)
	at org.springframework.context.support.AbstractApplicationContext.publishEvent(AbstractApplicationContext.java:335)
	at org.springframework.context.support.AbstractApplicationContext.finishRefresh(AbstractApplicationContext.java:855)
	at org.springframework.boot.context.embedded.EmbeddedWebApplicationContext.finishRefresh(EmbeddedWebApplicationContext.java:140)
	at org.springframework.context.support.AbstractApplicationContext.refresh(AbstractApplicationContext.java:541)
	at org.springframework.boot.context.embedded.EmbeddedWebApplicationContext.refresh(EmbeddedWebApplicationContext.java:118)
	at org.springframework.boot.SpringApplication.refresh(SpringApplication.java:760)
	at org.springframework.boot.SpringApplication.createAndRefreshContext(SpringApplication.java:360)
	at org.springframework.boot.SpringApplication.run(SpringApplication.java:306)
	at org.springframework.boot.SpringApplication.run(SpringApplication.java:1185)
	at org.springframework.boot.SpringApplication.run(SpringApplication.java:1174)
	at com.easemob.ai.robotapi.nlu.NLUApiServer.main(NLUApiServer.java:11)
	at sun.reflect.NativeMethodAccessorImpl.invoke0(Native Method)
	at sun.reflect.NativeMethodAccessorImpl.invoke(NativeMethodAccessorImpl.java:62)
	at sun.reflect.DelegatingMethodAccessorImpl.invoke(DelegatingMethodAccessorImpl.java:43)
	at java.lang.reflect.Method.invoke(Method.java:498)
	at org.springframework.boot.loader.MainMethodRunner.run(MainMethodRunner.java:54)
	at org.springframework.boot.loader.Launcher.launch(Launcher.java:104)
	at org.springframework.boot.loader.Launcher.launch(Launcher.java:61)
	at org.springframework.boot.loader.JarLauncher.main(JarLauncher.java:52)
2019-01-12 16:32:27,893 INFO  [main]  o.e.j.server.handler.ContextHandler - Stopped o.s.b.c.e.j.JettyEmbeddedWebAppContext@3b35a229{/,file:/tmp/jetty-docbase.1820958953173780148.31663/,UNAVAILABLE}
2019-01-12 16:32:27,899 ERROR [main]  o.s.boot.SpringApplication - Application startup failed
java.lang.IllegalArgumentException: Unsupported object type: null
	at org.apache.commons.collections.CollectionUtils.size(CollectionUtils.java:915)
	at com.easemob.ai.robotapi.nlulib.pipeline.WordSegDictManager.buildItem(WordSegDictManager.java:117)
	at com.easemob.ai.robotapi.nlulib.pipeline.WordSegDictManager.getOrFetchDictItem(WordSegDictManager.java:96)
	at com.easemob.ai.robotapi.nlulib.pipeline.DefaultPipeLine.process(DefaultPipeLine.java:175)
	at com.easemob.ai.robotapi.nlu.service.NLUService.doNLU(NLUService.java:114)
	at com.easemob.ai.robotapi.nlu.service.NLUService.warmUp(NLUService.java:77)
	at com.easemob.ai.robotapi.nlu.service.ApplicationStartup.onApplicationEvent(ApplicationStartup.java:29)
	at com.easemob.ai.robotapi.nlu.service.ApplicationStartup.onApplicationEvent(ApplicationStartup.java:11)
	at org.springframework.context.event.SimpleApplicationEventMulticaster.invokeListener(SimpleApplicationEventMulticaster.java:163)
	at org.springframework.context.event.SimpleApplicationEventMulticaster.multicastEvent(SimpleApplicationEventMulticaster.java:136)
	at org.springframework.context.support.AbstractApplicationContext.publishEvent(AbstractApplicationContext.java:381)
	at org.springframework.context.support.AbstractApplicationContext.publishEvent(AbstractApplicationContext.java:335)
	at org.springframework.cloud.context.restart.RestartListener.onApplicationEvent(RestartListener.java:68)
	at org.springframework.context.event.SimpleApplicationEventMulticaster.invokeListener(SimpleApplicationEventMulticaster.java:163)
	at org.springframework.context.event.SimpleApplicationEventMulticaster.multicastEvent(SimpleApplicationEventMulticaster.java:136)
	at org.springframework.context.support.AbstractApplicationContext.publishEvent(AbstractApplicationContext.java:381)
	at org.springframework.context.support.AbstractApplicationContext.publishEvent(AbstractApplicationContext.java:335)
	at org.springframework.context.support.AbstractApplicationContext.finishRefresh(AbstractApplicationContext.java:855)
	at org.springframework.boot.context.embedded.EmbeddedWebApplicationContext.finishRefresh(EmbeddedWebApplicationContext.java:140)
	at org.springframework.context.support.AbstractApplicationContext.refresh(AbstractApplicationContext.java:541)
	at org.springframework.boot.context.embedded.EmbeddedWebApplicationContext.refresh(EmbeddedWebApplicationContext.java:118)
	at org.springframework.boot.SpringApplication.refresh(SpringApplication.java:760)
	at org.springframework.boot.SpringApplication.createAndRefreshContext(SpringApplication.java:360)
	at org.springframework.boot.SpringApplication.run(SpringApplication.java:306)
	at org.springframework.boot.SpringApplication.run(SpringApplication.java:1185)
	at org.springframework.boot.SpringApplication.run(SpringApplication.java:1174)
	at com.easemob.ai.robotapi.nlu.NLUApiServer.main(NLUApiServer.java:11)
	at sun.reflect.NativeMethodAccessorImpl.invoke0(Native Method)
	at sun.reflect.NativeMethodAccessorImpl.invoke(NativeMethodAccessorImpl.java:62)
	at sun.reflect.DelegatingMethodAccessorImpl.invoke(DelegatingMethodAccessorImpl.java:43)
	at java.lang.reflect.Method.invoke(Method.java:498)
	at org.springframework.boot.loader.MainMethodRunner.run(MainMethodRunner.java:54)
	at org.springframework.boot.loader.Launcher.launch(Launcher.java:104)
	at org.springframework.boot.loader.Launcher.launch(Launcher.java:61)
	at org.springframework.boot.loader.JarLauncher.main(JarLauncher.java:52)
2019-01-12 16:32:27,908 INFO  [main]  o.s.b.l.ClasspathLoggingApplicationListener - Application failed to start with classpath: [jar:file:/u01/apps/package/NluServer/1.7.16.FINAL/nlu-server-1.7.16.FINAL.jar!/, jar:file:/u01/apps/package/NluServer/1.7.16.FINAL/nlu-server-1.7.16.FINAL.jar!/lib/lucene-memory-5.5.0.jar!/, jar:file:/u01/apps/package/NluServer/1.7.16.FINAL/nlu-server-1.7.16.FINAL.jar!/lib/nlu-lib-abbrcompletion-1.7.16.FINAL.jar!/, jar:file:/u01/apps/package/NluServer/1.7.16.FINAL/nlu-server-1.7.16.FINAL.jar!/lib/spring-security-core-4.0.3.RELEASE.jar!/, jar:file:/u01/apps/package/NluServer/1.7.16.FINAL/nlu-server-1.7.16.FINAL.jar!/lib/jaxb-api-2.2.7.jar!/, jar:file:/u01/apps/package/NluServer/1.7.16.FINAL/nlu-server-1.7.16.FINAL.jar!/lib/nlu-lib-parser-1.7.16.FINAL.jar!/, jar:file:/u01/apps/package/NluServer/1.7.16.FINAL/nlu-server-1.7.16.FINAL.jar!/lib/elasticsearch-2.3.5.jar!/, jar:file:/u01/apps/package/NluServer/1.7.16.FINAL/nlu-server-1.7.16.FINAL.jar!/lib/commons-configuration-1.8.jar!/, jar:file:/u01/apps/package/NluServer/1.7.16.FINAL/nlu-server-1.7.16.FINAL.jar!/lib/jetty-servlet-9.2.19.v20160908.jar!/, jar:file:/u01/apps/package/NluServer/1.7.16.FINAL/nlu-server-1.7.16.FINAL.jar!/lib/lucene-suggest-5.5.0.jar!/, jar:file:/u01/apps/package/NluServer/1.7.16.FINAL/nlu-server-1.7.16.FINAL.jar!/lib/netty-codec-http-4.0.32.Final.jar!/, jar:file:/u01/apps/package/NluServer/1.7.16.FINAL/nlu-server-1.7.16.FINAL.jar!/lib/poi-ooxml-schemas-3.12.jar!/, jar:file:/u01/apps/package/NluServer/1.7.16.FINAL/nlu-server-1.7.16.FINAL.jar!/lib/nlu-lib-corefresolution-1.7.16.FINAL.jar!/, jar:file:/u01/apps/package/NluServer/1.7.16.FINAL/nlu-server-1.7.16.FINAL.jar!/lib/nlu-lib-error-corrector-1.7.16.FINAL.jar!/, jar:file:/u01/apps/package/NluServer/1.7.16.FINAL/nlu-server-1.7.16.FINAL.jar!/lib/jetty-continuation-9.2.19.v20160908.jar!/, jar:file:/u01/apps/package/NluServer/1.7.16.FINAL/nlu-server-1.7.16.FINAL.jar!/lib/asm-tree-5.0.1.jar!/, jar:file:/u01/apps/package/NluServer/1.7.16.FINAL/nlu-server-1.7.16.FINAL.jar!/lib/javax-websocket-server-impl-9.2.19.v20160908.jar!/, jar:file:/u01/apps/package/NluServer/1.7.16.FINAL/nlu-server-1.7.16.FINAL.jar!/lib/nlu-lib-idftool-1.7.16.FINAL.jar!/, jar:file:/u01/apps/package/NluServer/1.7.16.FINAL/nlu-server-1.7.16.FINAL.jar!/lib/lucene-queryparser-5.5.0.jar!/, jar:file:/u01/apps/package/NluServer/1.7.16.FINAL/nlu-server-1.7.16.FINAL.jar!/lib/metrics-annotation-3.1.2.jar!/, jar:file:/u01/apps/package/NluServer/1.7.16.FINAL/nlu-server-1.7.16.FINAL.jar!/lib/gson-2.3.1.jar!/, jar:file:/u01/apps/package/NluServer/1.7.16.FINAL/nlu-server-1.7.16.FINAL.jar!/lib/hystrix-core-1.5.3.jar!/, jar:file:/u01/apps/package/NluServer/1.7.16.FINAL/nlu-server-1.7.16.FINAL.jar!/lib/jetty-security-9.2.19.v20160908.jar!/, jar:file:/u01/apps/package/NluServer/1.7.16.FINAL/nlu-server-1.7.16.FINAL.jar!/lib/commons-beanutils-1.9.2.jar!/, jar:file:/u01/apps/package/NluServer/1.7.16.FINAL/nlu-server-1.7.16.FINAL.jar!/lib/commons-codec-1.9.jar!/, jar:file:/u01/apps/package/NluServer/1.7.16.FINAL/nlu-server-1.7.16.FINAL.jar!/lib/jsr305-3.0.1.jar!/, jar:file:/u01/apps/package/NluServer/1.7.16.FINAL/nlu-server-1.7.16.FINAL.jar!/lib/rxnetty-servo-0.4.9.jar!/, jar:file:/u01/apps/package/NluServer/1.7.16.FINAL/nlu-server-1.7.16.FINAL.jar!/lib/netty-codec-4.0.32.Final.jar!/, jar:file:/u01/apps/package/NluServer/1.7.16.FINAL/nlu-server-1.7.16.FINAL.jar!/lib/spring-boot-starter-validation-1.3.8.RELEASE.jar!/, jar:file:/u01/apps/package/NluServer/1.7.16.FINAL/nlu-server-1.7.16.FINAL.jar!/lib/lucene-spatial3d-5.5.0.jar!/, jar:file:/u01/apps/package/NluServer/1.7.16.FINAL/nlu-server-1.7.16.FINAL.jar!/lib/commons-cli-1.3.1.jar!/, jar:file:/u01/apps/package/NluServer/1.7.16.FINAL/nlu-server-1.7.16.FINAL.jar!/lib/ribbon-2.2.0.jar!/, jar:file:/u01/apps/package/NluServer/1.7.16.FINAL/nlu-server-1.7.16.FINAL.jar!/lib/spring-webmvc-4.2.5.RELEASE.jar!/, jar:file:/u01/apps/package/NluServer/1.7.16.FINAL/nlu-server-1.7.16.FINAL.jar!/lib/stanford-corenlp-3.6.0.jar!/, jar:file:/u01/apps/package/NluServer/1.7.16.FINAL/nlu-server-1.7.16.FINAL.jar!/lib/nlu-lib-sentsplit-1.7.16.FINAL.jar!/, jar:file:/u01/apps/package/NluServer/1.7.16.FINAL/nlu-server-1.7.16.FINAL.jar!/lib/commons-math3-3.2.jar!/, jar:file:/u01/apps/package/NluServer/1.7.16.FINAL/nlu-server-1.7.16.FINAL.jar!/lib/rxnetty-contexts-0.4.9.jar!/, jar:file:/u01/apps/package/NluServer/1.7.16.FINAL/nlu-server-1.7.16.FINAL.jar!/lib/jolokia-core-1.3.4.jar!/, jar:file:/u01/apps/package/NluServer/1.7.16.FINAL/nlu-server-1.7.16.FINAL.jar!/lib/mapstruct-1.0.0.Final.jar!/, jar:file:/u01/apps/package/NluServer/1.7.16.FINAL/nlu-server-1.7.16.FINAL.jar!/lib/lucene-backward-codecs-5.5.0.jar!/, jar:file:/u01/apps/package/NluServer/1.7.16.FINAL/nlu-server-1.7.16.FINAL.jar!/lib/ejml-0.23.jar!/, jar:file:/u01/apps/package/NluServer/1.7.16.FINAL/nlu-server-1.7.16.FINAL.jar!/lib/jsr166e-1.1.0.jar!/, jar:file:/u01/apps/package/NluServer/1.7.16.FINAL/nlu-server-1.7.16.FINAL.jar!/lib/commons-lang-2.6.jar!/, jar:file:/u01/apps/package/NluServer/1.7.16.FINAL/nlu-server-1.7.16.FINAL.jar!/lib/spring-cloud-starter-consul-discovery-1.0.2.RELEASE.jar!/, jar:file:/u01/apps/package/NluServer/1.7.16.FINAL/nlu-server-1.7.16.FINAL.jar!/lib/hibernate-jpa-2.1-api-1.0.0.Final.jar!/, jar:file:/u01/apps/package/NluServer/1.7.16.FINAL/nlu-server-1.7.16.FINAL.jar!/lib/spring-cloud-context-1.1.1.RELEASE.jar!/, jar:file:/u01/apps/package/NluServer/1.7.16.FINAL/nlu-server-1.7.16.FINAL.jar!/lib/springfox-schema-2.5.0.jar!/, jar:file:/u01/apps/package/NluServer/1.7.16.FINAL/nlu-server-1.7.16.FINAL.jar!/lib/ribbon-loadbalancer-2.2.0.jar!/, jar:file:/u01/apps/package/NluServer/1.7.16.FINAL/nlu-server-1.7.16.FINAL.jar!/lib/springfox-swagger-common-2.5.0.jar!/, jar:file:/u01/apps/package/NluServer/1.7.16.FINAL/nlu-server-1.7.16.FINAL.jar!/lib/xml-apis-1.3.03.jar!/, jar:file:/u01/apps/package/NluServer/1.7.16.FINAL/nlu-server-1.7.16.FINAL.jar!/lib/websocket-servlet-9.2.19.v20160908.jar!/, jar:file:/u01/apps/package/NluServer/1.7.16.FINAL/nlu-server-1.7.16.FINAL.jar!/lib/jersey-core-1.19.1.jar!/, jar:file:/u01/apps/package/NluServer/1.7.16.FINAL/nlu-server-1.7.16.FINAL.jar!/lib/nlu-common-1.7.16.FINAL.jar!/, jar:file:/u01/apps/package/NluServer/1.7.16.FINAL/nlu-server-1.7.16.FINAL.jar!/lib/springfox-core-2.5.0.jar!/, jar:file:/u01/apps/package/NluServer/1.7.16.FINAL/nlu-server-1.7.16.FINAL.jar!/lib/javassist-3.18.1-GA.jar!/, jar:file:/u01/apps/package/NluServer/1.7.16.FINAL/nlu-server-1.7.16.FINAL.jar!/lib/jsr311-api-1.1.1.jar!/, jar:file:/u01/apps/package/NluServer/1.7.16.FINAL/nlu-server-1.7.16.FINAL.jar!/lib/spring-boot-starter-1.3.8.RELEASE.jar!/, jar:file:/u01/apps/package/NluServer/1.7.16.FINAL/nlu-server-1.7.16.FINAL.jar!/lib/slf4j-api-1.7.21.jar!/, jar:file:/u01/apps/package/NluServer/1.7.16.FINAL/nlu-server-1.7.16.FINAL.jar!/lib/jetty-http-9.2.19.v20160908.jar!/, jar:file:/u01/apps/package/NluServer/1.7.16.FINAL/nlu-server-1.7.16.FINAL.jar!/lib/spring-cloud-consul-core-1.0.2.RELEASE.jar!/, jar:file:/u01/apps/package/NluServer/1.7.16.FINAL/nlu-server-1.7.16.FINAL.jar!/lib/lombok-1.16.6.jar!/, jar:file:/u01/apps/package/NluServer/1.7.16.FINAL/nlu-server-1.7.16.FINAL.jar!/lib/jersey-apache-client4-1.19.1.jar!/, jar:file:/u01/apps/package/NluServer/1.7.16.FINAL/nlu-server-1.7.16.FINAL.jar!/lib/spring-plugin-core-1.2.0.RELEASE.jar!/, jar:file:/u01/apps/package/NluServer/1.7.16.FINAL/nlu-server-1.7.16.FINAL.jar!/lib/spring-boot-actuator-1.3.8.RELEASE.jar!/, jar:file:/u01/apps/package/NluServer/1.7.16.FINAL/nlu-server-1.7.16.FINAL.jar!/lib/joda-time-2.8.2.jar!/, jar:file:/u01/apps/package/NluServer/1.7.16.FINAL/nlu-server-1.7.16.FINAL.jar!/lib/kg-client-1.7.9.FINAL.jar!/, jar:file:/u01/apps/package/NluServer/1.7.16.FINAL/nlu-server-1.7.16.FINAL.jar!/lib/nlu-lib-wordweights-1.7.16.FINAL.jar!/, jar:file:/u01/apps/package/NluServer/1.7.16.FINAL/nlu-server-1.7.16.FINAL.jar!/lib/nlu-lib-word2vec-model-1.0.3.jar!/, jar:file:/u01/apps/package/NluServer/1.7.16.FINAL/nlu-server-1.7.16.FINAL.jar!/lib/jollyday-0.4.7.jar!/, jar:file:/u01/apps/package/NluServer/1.7.16.FINAL/nlu-server-1.7.16.FINAL.jar!/lib/robot-api-common-data-1.5.4.FINAL.jar!/, jar:file:/u01/apps/package/NluServer/1.7.16.FINAL/nlu-server-1.7.16.FINAL.jar!/lib/log4j-1.2.17.jar!/, jar:file:/u01/apps/package/NluServer/1.7.16.FINAL/nlu-server-1.7.16.FINAL.jar!/lib/kg-common-1.7.9.FINAL.jar!/, jar:file:/u01/apps/package/NluServer/1.7.16.FINAL/nlu-server-1.7.16.FINAL.jar!/lib/jul-to-slf4j-1.7.21.jar!/, jar:file:/u01/apps/package/NluServer/1.7.16.FINAL/nlu-server-1.7.16.FINAL.jar!/lib/nlu-lib-1.7.16.FINAL.jar!/, jar:file:/u01/apps/package/NluServer/1.7.16.FINAL/nlu-server-1.7.16.FINAL.jar!/lib/websocket-common-9.2.19.v20160908.jar!/, jar:file:/u01/apps/package/NluServer/1.7.16.FINAL/nlu-server-1.7.16.FINAL.jar!/lib/emoji-java-3.1.3.jar!/, jar:file:/u01/apps/package/NluServer/1.7.16.FINAL/nlu-server-1.7.16.FINAL.jar!/lib/config-center-client-1.7.9.FINAL.jar!/, jar:file:/u01/apps/package/NluServer/1.7.16.FINAL/nlu-server-1.7.16.FINAL.jar!/lib/kefu-kce-config-client-1.2.2.FINAL.jar!/, jar:file:/u01/apps/package/NluServer/1.7.16.FINAL/nlu-server-1.7.16.FINAL.jar!/lib/feign-slf4j-8.16.2.jar!/, jar:file:/u01/apps/package/NluServer/1.7.16.FINAL/nlu-server-1.7.16.FINAL.jar!/lib/spatial4j-0.5.jar!/, jar:file:/u01/apps/package/NluServer/1.7.16.FINAL/nlu-server-1.7.16.FINAL.jar!/lib/fst-1.37.jar!/, jar:file:/u01/apps/package/NluServer/1.7.16.FINAL/nlu-server-1.7.16.FINAL.jar!/lib/bcprov-jdk15on-1.47.jar!/, jar:file:/u01/apps/package/NluServer/1.7.16.FINAL/nlu-server-1.7.16.FINAL.jar!/lib/tomcat-embed-el-8.0.37.jar!/, jar:file:/u01/apps/package/NluServer/1.7.16.FINAL/nlu-server-1.7.16.FINAL.jar!/lib/compress-lzf-1.0.2.jar!/, jar:file:/u01/apps/package/NluServer/1.7.16.FINAL/nlu-server-1.7.16.FINAL.jar!/lib/animal-sniffer-annotation-1.0.jar!/, jar:file:/u01/apps/package/NluServer/1.7.16.FINAL/nlu-server-1.7.16.FINAL.jar!/lib/geotool-1.2.3.FINAL.jar!/, jar:file:/u01/apps/package/NluServer/1.7.16.FINAL/nlu-server-1.7.16.FINAL.jar!/lib/netty-handler-4.0.32.Final.jar!/, jar:file:/u01/apps/package/NluServer/1.7.16.FINAL/nlu-server-1.7.16.FINAL.jar!/lib/nlu-lib-district-recognizer-1.7.16.FINAL.jar!/, jar:file:/u01/apps/package/NluServer/1.7.16.FINAL/nlu-server-1.7.16.FINAL.jar!/lib/spring-plugin-metadata-1.2.0.RELEASE.jar!/, jar:file:/u01/apps/package/NluServer/1.7.16.FINAL/nlu-server-1.7.16.FINAL.jar!/lib/json-20140107.jar!/, jar:file:/u01/apps/package/NluServer/1.7.16.FINAL/nlu-server-1.7.16.FINAL.jar!/lib/nlu-lib-poi-recognizer-1.7.16.FINAL.jar!/, jar:file:/u01/apps/package/NluServer/1.7.16.FINAL/nlu-server-1.7.16.FINAL.jar!/lib/jetty-webapp-9.2.19.v20160908.jar!/, jar:file:/u01/apps/package/NluServer/1.7.16.FINAL/nlu-server-1.7.16.FINAL.jar!/lib/jgraphx-2.3.0.5.jar!/, jar:file:/u01/apps/package/NluServer/1.7.16.FINAL/nlu-server-1.7.16.FINAL.jar!/lib/spring-boot-1.3.8.RELEASE.jar!/, jar:file:/u01/apps/package/NluServer/1.7.16.FINAL/nlu-server-1.7.16.FINAL.jar!/lib/spring-security-web-4.0.3.RELEASE.jar!/, jar:file:/u01/apps/package/NluServer/1.7.16.FINAL/nlu-server-1.7.16.FINAL.jar!/lib/lucene-analyzers-common-5.5.0.jar!/, jar:file:/u01/apps/package/NluServer/1.7.16.FINAL/nlu-server-1.7.16.FINAL.jar!/lib/jetty-io-9.2.19.v20160908.jar!/, jar:file:/u01/apps/package/NluServer/1.7.16.FINAL/nlu-server-1.7.16.FINAL.jar!/lib/consul-api-1.1.10.jar!/, jar:file:/u01/apps/package/NluServer/1.7.16.FINAL/nlu-server-1.7.16.FINAL.jar!/lib/feign-core-8.16.2.jar!/, jar:file:/u01/apps/package/NluServer/1.7.16.FINAL/nlu-server-1.7.16.FINAL.jar!/lib/rxnetty-0.4.9.jar!/, jar:file:/u01/apps/package/NluServer/1.7.16.FINAL/nlu-server-1.7.16.FINAL.jar!/lib/common-tools-1.2.3.FINAL.jar!/, jar:file:/u01/apps/package/NluServer/1.7.16.FINAL/nlu-server-1.7.16.FINAL.jar!/lib/spring-cloud-commons-1.1.1.RELEASE.jar!/, jar:file:/u01/apps/package/NluServer/1.7.16.FINAL/nlu-server-1.7.16.FINAL.jar!/lib/log4j-over-slf4j-1.7.21.jar!/, jar:file:/u01/apps/package/NluServer/1.7.16.FINAL/nlu-server-1.7.16.FINAL.jar!/lib/spring-boot-starter-security-1.3.8.RELEASE.jar!/, jar:file:/u01/apps/package/NluServer/1.7.16.FINAL/nlu-server-1.7.16.FINAL.jar!/lib/nlu-lib-wordseg-1.7.16.FINAL.jar!/, jar:file:/u01/apps/package/NluServer/1.7.16.FINAL/nlu-server-1.7.16.FINAL.jar!/lib/lucene-join-5.5.0.jar!/, jar:file:/u01/apps/package/NluServer/1.7.16.FINAL/nlu-server-1.7.16.FINAL.jar!/lib/guava-21.0.jar!/, jar:file:/u01/apps/package/NluServer/1.7.16.FINAL/nlu-server-1.7.16.FINAL.jar!/lib/snakeyaml-1.16.jar!/, jar:file:/u01/apps/package/NluServer/1.7.16.FINAL/nlu-server-1.7.16.FINAL.jar!/lib/jackson-annotations-2.6.7.jar!/, jar:file:/u01/apps/package/NluServer/1.7.16.FINAL/nlu-server-1.7.16.FINAL.jar!/lib/spring-boot-autoconfigure-1.3.8.RELEASE.jar!/, jar:file:/u01/apps/package/NluServer/1.7.16.FINAL/nlu-server-1.7.16.FINAL.jar!/lib/websocket-api-9.2.19.v20160908.jar!/, jar:file:/u01/apps/package/NluServer/1.7.16.FINAL/nlu-server-1.7.16.FINAL.jar!/lib/netty-transport-4.0.27.Final.jar!/, jar:file:/u01/apps/package/NluServer/1.7.16.FINAL/nlu-server-1.7.16.FINAL.jar!/lib/spring-beans-4.2.5.RELEASE.jar!/, jar:file:/u01/apps/package/NluServer/1.7.16.FINAL/nlu-server-1.7.16.FINAL.jar!/lib/metrics-healthchecks-3.1.2.jar!/, jar:file:/u01/apps/package/NluServer/1.7.16.FINAL/nlu-server-1.7.16.FINAL.jar!/lib/rxjava-1.1.5.jar!/, jar:file:/u01/apps/package/NluServer/1.7.16.FINAL/nlu-server-1.7.16.FINAL.jar!/lib/jetty-server-9.2.19.v20160908.jar!/, jar:file:/u01/apps/package/NluServer/1.7.16.FINAL/nlu-server-1.7.16.FINAL.jar!/lib/jetty-xml-9.2.19.v20160908.jar!/, jar:file:/u01/apps/package/NluServer/1.7.16.FINAL/nlu-server-1.7.16.FINAL.jar!/lib/asm-commons-5.0.1.jar!/, jar:file:/u01/apps/package/NluServer/1.7.16.FINAL/nlu-server-1.7.16.FINAL.jar!/lib/feign-hystrix-8.16.2.jar!/, jar:file:/u01/apps/package/NluServer/1.7.16.FINAL/nlu-server-1.7.16.FINAL.jar!/lib/netflix-statistics-0.1.1.jar!/, jar:file:/u01/apps/package/NluServer/1.7.16.FINAL/nlu-server-1.7.16.FINAL.jar!/lib/ehcache-3.3.1.jar!/, jar:file:/u01/apps/package/NluServer/1.7.16.FINAL/nlu-server-1.7.16.FINAL.jar!/lib/xmlbeans-2.6.0.jar!/, jar:file:/u01/apps/package/NluServer/1.7.16.FINAL/nlu-server-1.7.16.FINAL.jar!/lib/nlu-lib-chartagger-1.7.16.FINAL.jar!/, jar:file:/u01/apps/package/NluServer/1.7.16.FINAL/nlu-server-1.7.16.FINAL.jar!/lib/nlu-lib-datetimetools-1.7.16.FINAL.jar!/, jar:file:/u01/apps/package/NluServer/1.7.16.FINAL/nlu-server-1.7.16.FINAL.jar!/lib/commons-collections-3.2.2.jar!/, jar:file:/u01/apps/package/NluServer/1.7.16.FINAL/nlu-server-1.7.16.FINAL.jar!/lib/servo-internal-0.10.1.jar!/, jar:file:/u01/apps/package/NluServer/1.7.16.FINAL/nlu-server-1.7.16.FINAL.jar!/lib/jackson-dataformat-cbor-2.6.6.jar!/, jar:file:/u01/apps/package/NluServer/1.7.16.FINAL/nlu-server-1.7.16.FINAL.jar!/lib/spring-cloud-starter-consul-1.0.2.RELEASE.jar!/, jar:file:/u01/apps/package/NluServer/1.7.16.FINAL/nlu-server-1.7.16.FINAL.jar!/lib/netty-transport-native-epoll-4.0.32.Final.jar!/, jar:file:/u01/apps/package/NluServer/1.7.16.FINAL/nlu-server-1.7.16.FINAL.jar!/lib/spring-cloud-starter-ribbon-1.1.4.RELEASE.jar!/, jar:file:/u01/apps/package/NluServer/1.7.16.FINAL/nlu-server-1.7.16.FINAL.jar!/lib/netty-common-4.0.27.Final.jar!/, jar:file:/u01/apps/package/NluServer/1.7.16.FINAL/nlu-server-1.7.16.FINAL.jar!/lib/dialog-session-common-1.7.9.FINAL.jar!/, jar:file:/u01/apps/package/NluServer/1.7.16.FINAL/nlu-server-1.7.16.FINAL.jar!/lib/lucene-misc-5.5.0.jar!/, jar:file:/u01/apps/package/NluServer/1.7.16.FINAL/nlu-server-1.7.16.FINAL.jar!/lib/nlu-lib-word2vec-1.7.16.FINAL.jar!/, jar:file:/u01/apps/package/NluServer/1.7.16.FINAL/nlu-server-1.7.16.FINAL.jar!/lib/spring-cloud-starter-1.1.1.RELEASE.jar!/, jar:file:/u01/apps/package/NluServer/1.7.16.FINAL/nlu-server-1.7.16.FINAL.jar!/lib/jackson-dataformat-yaml-2.6.7.jar!/, jar:file:/u01/apps/package/NluServer/1.7.16.FINAL/nlu-server-1.7.16.FINAL.jar!/lib/nlu-lib-ner-stanfordmodel-1.1.jar!/, jar:file:/u01/apps/package/NluServer/1.7.16.FINAL/nlu-server-1.7.16.FINAL.jar!/lib/netflix-commons-util-0.1.1.jar!/, jar:file:/u01/apps/package/NluServer/1.7.16.FINAL/nlu-server-1.7.16.FINAL.jar!/lib/nlu-lib-ws-stanfordmodel-1.1.jar!/, jar:file:/u01/apps/package/NluServer/1.7.16.FINAL/nlu-server-1.7.16.FINAL.jar!/lib/metrics-core-3.1.2.jar!/, jar:file:/u01/apps/package/NluServer/1.7.16.FINAL/nlu-server-1.7.16.FINAL.jar!/lib/ribbon-transport-2.2.0.jar!/, jar:file:/u01/apps/package/NluServer/1.7.16.FINAL/nlu-server-1.7.16.FINAL.jar!/lib/aopalliance-1.0.jar!/, jar:file:/u01/apps/package/NluServer/1.7.16.FINAL/nlu-server-1.7.16.FINAL.jar!/lib/spring-security-rsa-1.0.1.RELEASE.jar!/, jar:file:/u01/apps/package/NluServer/1.7.16.FINAL/nlu-server-1.7.16.FINAL.jar!/lib/netty-3.10.5.Final.jar!/, jar:file:/u01/apps/package/NluServer/1.7.16.FINAL/nlu-server-1.7.16.FINAL.jar!/lib/nlu-rest-1.7.16.FINAL.jar!/, jar:file:/u01/apps/package/NluServer/1.7.16.FINAL/nlu-server-1.7.16.FINAL.jar!/lib/poi-3.12.jar!/, jar:file:/u01/apps/package/NluServer/1.7.16.FINAL/nlu-server-1.7.16.FINAL.jar!/lib/nlu-lib-parser-stanfordmodel-1.1.jar!/, jar:file:/u01/apps/package/NluServer/1.7.16.FINAL/nlu-server-1.7.16.FINAL.jar!/lib/httpcore-4.4.5.jar!/, jar:file:/u01/apps/package/NluServer/1.7.16.FINAL/nlu-server-1.7.16.FINAL.jar!/lib/nlu-lib-wordseg-model-1.0.3.jar!/, jar:file:/u01/apps/package/NluServer/1.7.16.FINAL/nlu-server-1.7.16.FINAL.jar!/lib/spring-boot-starter-logging-1.3.8.RELEASE.jar!/, jar:file:/u01/apps/package/NluServer/1.7.16.FINAL/nlu-server-1.7.16.FINAL.jar!/lib/bcpkix-jdk15on-1.47.jar!/, jar:file:/u01/apps/package/NluServer/1.7.16.FINAL/nlu-server-1.7.16.FINAL.jar!/lib/lucene-spatial-5.5.0.jar!/, jar:file:/u01/apps/package/NluServer/1.7.16.FINAL/nlu-server-1.7.16.FINAL.jar!/lib/json-simple-1.1.1.jar!/, jar:file:/u01/apps/package/NluServer/1.7.16.FINAL/nlu-server-1.7.16.FINAL.jar!/lib/lucene-highlighter-5.5.0.jar!/, jar:file:/u01/apps/package/NluServer/1.7.16.FINAL/nlu-server-1.7.16.FINAL.jar!/lib/archaius-core-0.7.4.jar!/, jar:file:/u01/apps/package/NluServer/1.7.16.FINAL/nlu-server-1.7.16.FINAL.jar!/lib/spring-boot-starter-jetty-1.3.8.RELEASE.jar!/, jar:file:/u01/apps/package/NluServer/1.7.16.FINAL/nlu-server-1.7.16.FINAL.jar!/lib/springfox-spring-web-2.5.0.jar!/, jar:file:/u01/apps/package/NluServer/1.7.16.FINAL/nlu-server-1.7.16.FINAL.jar!/lib/commons-lang3-3.5.jar!/, jar:file:/u01/apps/package/NluServer/1.7.16.FINAL/nlu-server-1.7.16.FINAL.jar!/lib/commons-compress-1.12.jar!/, jar:file:/u01/apps/package/NluServer/1.7.16.FINAL/nlu-server-1.7.16.FINAL.jar!/lib/javax.websocket-api-1.0.jar!/, jar:file:/u01/apps/package/NluServer/1.7.16.FINAL/nlu-server-1.7.16.FINAL.jar!/lib/springfox-swagger2-2.5.0.jar!/, jar:file:/u01/apps/package/NluServer/1.7.16.FINAL/nlu-server-1.7.16.FINAL.jar!/lib/commons-logging-1.2.jar!/, jar:file:/u01/apps/package/NluServer/1.7.16.FINAL/nlu-server-1.7.16.FINAL.jar!/lib/metrics-spring-3.1.3.jar!/, jar:file:/u01/apps/package/NluServer/1.7.16.FINAL/nlu-server-1.7.16.FINAL.jar!/lib/netty-buffer-4.0.27.Final.jar!/, jar:file:/u01/apps/package/NluServer/1.7.16.FINAL/nlu-server-1.7.16.FINAL.jar!/lib/asm-5.0.1.jar!/, jar:file:/u01/apps/package/NluServer/1.7.16.FINAL/nlu-server-1.7.16.FINAL.jar!/lib/nlu-lib-postag-stanfordmodel-1.1.jar!/, jar:file:/u01/apps/package/NluServer/1.7.16.FINAL/nlu-server-1.7.16.FINAL.jar!/lib/hppc-0.7.1.jar!/, jar:file:/u01/apps/package/NluServer/1.7.16.FINAL/nlu-server-1.7.16.FINAL.jar!/lib/nlu-lib-wordseg-dict-1.7.16.FINAL.jar!/, jar:file:/u01/apps/package/NluServer/1.7.16.FINAL/nlu-server-1.7.16.FINAL.jar!/lib/validation-api-1.1.0.Final.jar!/, jar:file:/u01/apps/package/NluServer/1.7.16.FINAL/nlu-server-1.7.16.FINAL.jar!/lib/websocket-server-9.2.19.v20160908.jar!/, jar:file:/u01/apps/package/NluServer/1.7.16.FINAL/nlu-server-1.7.16.FINAL.jar!/lib/netty-transport-native-epoll-4.0.27.Final-linux-x86_64.jar!/, jar:file:/u01/apps/package/NluServer/1.7.16.FINAL/nlu-server-1.7.16.FINAL.jar!/lib/jcl-over-slf4j-1.7.21.jar!/, jar:file:/u01/apps/package/NluServer/1.7.16.FINAL/nlu-server-1.7.16.FINAL.jar!/lib/swagger-models-1.5.9.jar!/, jar:file:/u01/apps/package/NluServer/1.7.16.FINAL/nlu-server-1.7.16.FINAL.jar!/lib/user-center-common-1.7.9.FINAL.jar!/, jar:file:/u01/apps/package/NluServer/1.7.16.FINAL/nlu-server-1.7.16.FINAL.jar!/lib/spring-expression-4.2.5.RELEASE.jar!/, jar:file:/u01/apps/package/NluServer/1.7.16.FINAL/nlu-server-1.7.16.FINAL.jar!/lib/spring-cloud-starter-feign-1.1.4.RELEASE.jar!/, jar:file:/u01/apps/package/NluServer/1.7.16.FINAL/nlu-server-1.7.16.FINAL.jar!/lib/nlu-lib-crfmodel-personname-1.1.jar!/, jar:file:/u01/apps/package/NluServer/1.7.16.FINAL/nlu-server-1.7.16.FINAL.jar!/lib/spring-aop-4.2.5.RELEASE.jar!/, jar:file:/u01/apps/package/NluServer/1.7.16.FINAL/nlu-server-1.7.16.FINAL.jar!/lib/spring-cloud-consul-discovery-1.0.2.RELEASE.jar!/, jar:file:/u01/apps/package/NluServer/1.7.16.FINAL/nlu-server-1.7.16.FINAL.jar!/lib/spring-cloud-config-client-1.1.2.RELEASE.jar!/, jar:file:/u01/apps/package/NluServer/1.7.16.FINAL/nlu-server-1.7.16.FINAL.jar!/lib/config-center-common-1.7.9.FINAL.jar!/, jar:file:/u01/apps/package/NluServer/1.7.16.FINAL/nlu-server-1.7.16.FINAL.jar!/lib/javax.inject-1.jar!/, jar:file:/u01/apps/package/NluServer/1.7.16.FINAL/nlu-server-1.7.16.FINAL.jar!/lib/opencsv-3.9.jar!/, jar:file:/u01/apps/package/NluServer/1.7.16.FINAL/nlu-server-1.7.16.FINAL.jar!/lib/javax.servlet-api-3.1.0.jar!/, jar:file:/u01/apps/package/NluServer/1.7.16.FINAL/nlu-server-1.7.16.FINAL.jar!/lib/jackson-core-2.6.7.jar!/, jar:file:/u01/apps/package/NluServer/1.7.16.FINAL/nlu-server-1.7.16.FINAL.jar!/lib/spring-context-support-4.2.5.RELEASE.jar!/, jar:file:/u01/apps/package/NluServer/1.7.16.FINAL/nlu-server-1.7.16.FINAL.jar!/lib/logback-classic-1.1.7.jar!/, jar:file:/u01/apps/package/NluServer/1.7.16.FINAL/nlu-server-1.7.16.FINAL.jar!/lib/jetty-servlets-9.2.19.v20160908.jar!/, jar:file:/u01/apps/package/NluServer/1.7.16.FINAL/nlu-server-1.7.16.FINAL.jar!/lib/nlu-lib-postag-1.7.16.FINAL.jar!/, jar:file:/u01/apps/package/NluServer/1.7.16.FINAL/nlu-server-1.7.16.FINAL.jar!/lib/trove4j-3.0.3.jar!/, jar:file:/u01/apps/package/NluServer/1.7.16.FINAL/nlu-server-1.7.16.FINAL.jar!/lib/jboss-logging-3.3.0.Final.jar!/, jar:file:/u01/apps/package/NluServer/1.7.16.FINAL/nlu-server-1.7.16.FINAL.jar!/lib/stax-api-1.0.1.jar!/, jar:file:/u01/apps/package/NluServer/1.7.16.FINAL/nlu-server-1.7.16.FINAL.jar!/lib/jersey-client-1.19.1.jar!/, jar:file:/u01/apps/package/NluServer/1.7.16.FINAL/nlu-server-1.7.16.FINAL.jar!/lib/lucene-grouping-5.5.0.jar!/, jar:file:/u01/apps/package/NluServer/1.7.16.FINAL/nlu-server-1.7.16.FINAL.jar!/lib/xom-1.2.10.jar!/, jar:file:/u01/apps/package/NluServer/1.7.16.FINAL/nlu-server-1.7.16.FINAL.jar!/lib/javax.json-api-1.0.jar!/, jar:file:/u01/apps/package/NluServer/1.7.16.FINAL/nlu-server-1.7.16.FINAL.jar!/lib/t-digest-3.0.jar!/, jar:file:/u01/apps/package/NluServer/1.7.16.FINAL/nlu-server-1.7.16.FINAL.jar!/lib/jts-1.13.jar!/, jar:file:/u01/apps/package/NluServer/1.7.16.FINAL/nlu-server-1.7.16.FINAL.jar!/lib/jetty-jndi-9.2.19.v20160908.jar!/, jar:file:/u01/apps/package/NluServer/1.7.16.FINAL/nlu-server-1.7.16.FINAL.jar!/lib/xalan-2.7.0.jar!/, jar:file:/u01/apps/package/NluServer/1.7.16.FINAL/nlu-server-1.7.16.FINAL.jar!/lib/spring-boot-starter-web-1.3.8.RELEASE.jar!/, jar:file:/u01/apps/package/NluServer/1.7.16.FINAL/nlu-server-1.7.16.FINAL.jar!/lib/hibernate-validator-5.2.4.Final.jar!/, jar:file:/u01/apps/package/NluServer/1.7.16.FINAL/nlu-server-1.7.16.FINAL.jar!/lib/kefu-kce-metrics-statsd-1.2.2.FINAL.jar!/, jar:file:/u01/apps/package/NluServer/1.7.16.FINAL/nlu-server-1.7.16.FINAL.jar!/lib/common-webservice-1.2.3.FINAL.jar!/, jar:file:/u01/apps/package/NluServer/1.7.16.FINAL/nlu-server-1.7.16.FINAL.jar!/lib/classmate-1.3.1.jar!/, jar:file:/u01/apps/package/NluServer/1.7.16.FINAL/nlu-server-1.7.16.FINAL.jar!/lib/ribbon-httpclient-2.2.0.jar!/, jar:file:/u01/apps/package/NluServer/1.7.16.FINAL/nlu-server-1.7.16.FINAL.jar!/lib/jetty-plus-9.2.19.v20160908.jar!/, jar:file:/u01/apps/package/NluServer/1.7.16.FINAL/nlu-server-1.7.16.FINAL.jar!/lib/nlu-lib-poi-dict-1.5.4.FINAL.jar!/, jar:file:/u01/apps/package/NluServer/1.7.16.FINAL/nlu-server-1.7.16.FINAL.jar!/lib/lucene-core-5.5.0.jar!/, jar:file:/u01/apps/package/NluServer/1.7.16.FINAL/nlu-server-1.7.16.FINAL.jar!/lib/ribbon-core-2.2.0.jar!/, jar:file:/u01/apps/package/NluServer/1.7.16.FINAL/nlu-server-1.7.16.FINAL.jar!/lib/servo-core-0.10.1.jar!/, jar:file:/u01/apps/package/NluServer/1.7.16.FINAL/nlu-server-1.7.16.FINAL.jar!/lib/nlu-lib-senttype-1.7.16.FINAL.jar!/, jar:file:/u01/apps/package/NluServer/1.7.16.FINAL/nlu-server-1.7.16.FINAL.jar!/lib/httpclient-4.5.2.jar!/, jar:file:/u01/apps/package/NluServer/1.7.16.FINAL/nlu-server-1.7.16.FINAL.jar!/lib/spring-cloud-netflix-core-1.1.4.RELEASE.jar!/, jar:file:/u01/apps/package/NluServer/1.7.16.FINAL/nlu-server-1.7.16.FINAL.jar!/lib/spring-security-crypto-4.0.3.RELEASE.jar!/, jar:file:/u01/apps/package/NluServer/1.7.16.FINAL/nlu-server-1.7.16.FINAL.jar!/lib/spring-web-4.2.5.RELEASE.jar!/, jar:file:/u01/apps/package/NluServer/1.7.16.FINAL/nlu-server-1.7.16.FINAL.jar!/lib/kefu-kce-service-registry-1.2.2.FINAL.jar!/, jar:file:/u01/apps/package/NluServer/1.7.16.FINAL/nlu-server-1.7.16.FINAL.jar!/lib/jetty-annotations-9.2.19.v20160908.jar!/, jar:file:/u01/apps/package/NluServer/1.7.16.FINAL/nlu-server-1.7.16.FINAL.jar!/lib/java-statsd-client-3.1.0.jar!/, jar:file:/u01/apps/package/NluServer/1.7.16.FINAL/nlu-server-1.7.16.FINAL.jar!/lib/poi-ooxml-3.12.jar!/, jar:file:/u01/apps/package/NluServer/1.7.16.FINAL/nlu-server-1.7.16.FINAL.jar!/lib/fluent-hc-4.5.2.jar!/, jar:file:/u01/apps/package/NluServer/1.7.16.FINAL/nlu-server-1.7.16.FINAL.jar!/lib/HdrHistogram-2.1.6.jar!/, jar:file:/u01/apps/package/NluServer/1.7.16.FINAL/nlu-server-1.7.16.FINAL.jar!/lib/springfox-swagger-ui-2.5.0.jar!/, jar:file:/u01/apps/package/NluServer/1.7.16.FINAL/nlu-server-1.7.16.FINAL.jar!/lib/commons-io-2.5.jar!/, jar:file:/u01/apps/package/NluServer/1.7.16.FINAL/nlu-server-1.7.16.FINAL.jar!/lib/jackson-databind-2.6.7.jar!/, jar:file:/u01/apps/package/NluServer/1.7.16.FINAL/nlu-server-1.7.16.FINAL.jar!/lib/jackson-dataformat-smile-2.6.6.jar!/, jar:file:/u01/apps/package/NluServer/1.7.16.FINAL/nlu-server-1.7.16.FINAL.jar!/lib/xercesImpl-2.8.0.jar!/, jar:file:/u01/apps/package/NluServer/1.7.16.FINAL/nlu-server-1.7.16.FINAL.jar!/lib/kefu-kce-admin-client-1.2.2.FINAL.jar!/, jar:file:/u01/apps/package/NluServer/1.7.16.FINAL/nlu-server-1.7.16.FINAL.jar!/lib/securesm-1.0.jar!/, jar:file:/u01/apps/package/NluServer/1.7.16.FINAL/nlu-server-1.7.16.FINAL.jar!/lib/kefu-kce-client-all-1.2.2.FINAL.jar!/, jar:file:/u01/apps/package/NluServer/1.7.16.FINAL/nlu-server-1.7.16.FINAL.jar!/lib/commons-pool-1.6.jar!/, jar:file:/u01/apps/package/NluServer/1.7.16.FINAL/nlu-server-1.7.16.FINAL.jar!/lib/springfox-spi-2.5.0.jar!/, jar:file:/u01/apps/package/NluServer/1.7.16.FINAL/nlu-server-1.7.16.FINAL.jar!/lib/lucene-queries-5.5.0.jar!/, jar:file:/u01/apps/package/NluServer/1.7.16.FINAL/nlu-server-1.7.16.FINAL.jar!/lib/nlu-lib-questiontype-1.7.16.FINAL.jar!/, jar:file:/u01/apps/package/NluServer/1.7.16.FINAL/nlu-server-1.7.16.FINAL.jar!/lib/websocket-client-9.2.19.v20160908.jar!/, jar:file:/u01/apps/package/NluServer/1.7.16.FINAL/nlu-server-1.7.16.FINAL.jar!/lib/nlu-lib-preprocessor-1.7.16.FINAL.jar!/, jar:file:/u01/apps/package/NluServer/1.7.16.FINAL/nlu-server-1.7.16.FINAL.jar!/lib/javax.annotation-api-1.2.jar!/, jar:file:/u01/apps/package/NluServer/1.7.16.FINAL/nlu-server-1.7.16.FINAL.jar!/lib/joda-convert-1.2.jar!/, jar:file:/u01/apps/package/NluServer/1.7.16.FINAL/nlu-server-1.7.16.FINAL.jar!/lib/lucene-sandbox-5.5.0.jar!/, jar:file:/u01/apps/package/NluServer/1.7.16.FINAL/nlu-server-1.7.16.FINAL.jar!/lib/nlu-lib-idftool-model-1.1.jar!/, jar:file:/u01/apps/package/NluServer/1.7.16.FINAL/nlu-server-1.7.16.FINAL.jar!/lib/spring-cloud-starter-archaius-1.1.4.RELEASE.jar!/, jar:file:/u01/apps/package/NluServer/1.7.16.FINAL/nlu-server-1.7.16.FINAL.jar!/lib/javax-websocket-client-impl-9.2.19.v20160908.jar!/, jar:file:/u01/apps/package/NluServer/1.7.16.FINAL/nlu-server-1.7.16.FINAL.jar!/lib/swagger-annotations-1.5.9.jar!/, jar:file:/u01/apps/package/NluServer/1.7.16.FINAL/nlu-server-1.7.16.FINAL.jar!/lib/nlu-lib-datrie-1.7.16.FINAL.jar!/, jar:file:/u01/apps/package/NluServer/1.7.16.FINAL/nlu-server-1.7.16.FINAL.jar!/lib/logback-core-1.1.7.jar!/, jar:file:/u01/apps/package/NluServer/1.7.16.FINAL/nlu-server-1.7.16.FINAL.jar!/lib/spring-core-4.2.8.RELEASE.jar!/, jar:file:/u01/apps/package/NluServer/1.7.16.FINAL/nlu-server-1.7.16.FINAL.jar!/lib/spring-context-4.2.5.RELEASE.jar!/, jar:file:/u01/apps/package/NluServer/1.7.16.FINAL/nlu-server-1.7.16.FINAL.jar!/lib/spring-security-config-4.0.3.RELEASE.jar!/, jar:file:/u01/apps/package/NluServer/1.7.16.FINAL/nlu-server-1.7.16.FINAL.jar!/lib/spring-boot-starter-actuator-1.3.8.RELEASE.jar!/, jar:file:/u01/apps/package/NluServer/1.7.16.FINAL/nlu-server-1.7.16.FINAL.jar!/lib/jetty-util-9.2.19.v20160908.jar!/]
