2019-01-12 16:00:33,750 INFO  [main]  o.s.c.a.AnnotationConfigApplicationContext - Refreshing org.springframework.context.annotation.AnnotationConfigApplicationContext@16f65612: startup date [Sat Jan 12 16:00:33 CST 2019]; root of context hierarchy
2019-01-12 16:00:34,974 INFO  [main]  o.s.b.f.a.AutowiredAnnotationBeanPostProcessor - JSR-330 'javax.inject.Inject' annotation found and supported for autowiring
2019-01-12 16:00:35,105 INFO  [main]  o.s.c.s.PostProcessorRegistrationDelegate$BeanPostProcessorChecker - Bean 'configurationPropertiesRebinderAutoConfiguration' of type [class org.springframework.cloud.autoconfigure.ConfigurationPropertiesRebinderAutoConfiguration$$EnhancerBySpringCGLIB$$62a5a73] is not eligible for getting processed by all BeanPostProcessors (for example: not eligible for auto-proxying)
2019-01-12 16:00:38,279 INFO  [main]  o.s.c.c.c.ConfigServicePropertySourceLocator - Fetching config from server at: http://88.22.34.33:38888
2019-01-12 16:00:46,165 INFO  [main]  o.s.c.c.c.ConfigServicePropertySourceLocator - Located environment: name=Robotapi, profiles=[NluServer-1.1], label=saas, version=44d9afcf2f00bf8342eda1fdc3b8dfdafcbb2bc2
2019-01-12 16:00:46,166 INFO  [main]  o.s.c.b.c.PropertySourceBootstrapConfiguration - Located property source: CompositePropertySource [name='configService', propertySources=[MapPropertySource [name='file:///data/apps/config/kefu-conf/common/Robotapi-feign.properties'], MapPropertySource [name='file:///data/apps/config/kefu-conf/common/Robotapi-elasticsearch.properties'], MapPropertySource [name='file:///data/apps/config/kefu-conf/common/Robotapi-cassandra.properties'], MapPropertySource [name='file:///data/apps/config/kefu-conf/common/Robotapi-mysql.properties'], MapPropertySource [name='file:///data/apps/config/kefu-conf/common/Robotapi-redis.properties'], MapPropertySource [name='file:///data/apps/config/kefu-conf/common/Robotapi-args.properties'], MapPropertySource [name='file:///data/apps/config/kefu-conf/common/Robotapi-bootstrap.properties'], MapPropertySource [name='file:///data/apps/config/kefu-conf/common/Robotapi-management.properties'], MapPropertySource [name='file:///data/apps/config/kefu-conf/common/Robotapi.properties']]]
2019-01-12 16:00:46,334 INFO  [main]  c.e.ai.robotapi.nlu.NLUApiServer - No active profile set, falling back to default profiles: default
2019-01-12 16:00:46,380 INFO  [main]  o.s.b.c.e.AnnotationConfigEmbeddedWebApplicationContext - Refreshing org.springframework.boot.context.embedded.AnnotationConfigEmbeddedWebApplicationContext@47f6473: startup date [Sat Jan 12 16:00:46 CST 2019]; parent: org.springframework.context.annotation.AnnotationConfigApplicationContext@16f65612
2019-01-12 16:00:52,587 DEBUG [main]  c.e.a.r.c.w.CommonWebServiceRegister - scan basePackages:[com.easemob.ai.robotapi.common.webservice]
2019-01-12 16:00:52,619 DEBUG [main]  c.e.a.r.c.w.CommonWebServiceRegister$1 - Identified candidate component class: URL [jar:file:/u01/apps/package/NluServer/1.7.16.FINAL/nlu-server-1.7.16.FINAL.jar!/lib/common-webservice-1.2.3.FINAL.jar!/com/easemob/ai/robotapi/common/webservice/interceptor/AccessInterceptor.class]
2019-01-12 16:00:52,620 DEBUG [main]  c.e.a.r.c.w.CommonWebServiceRegister$1 - Ignored because not a concrete top-level class: URL [jar:file:/u01/apps/package/NluServer/1.7.16.FINAL/nlu-server-1.7.16.FINAL.jar!/lib/common-webservice-1.2.3.FINAL.jar!/com/easemob/ai/robotapi/common/webservice/interceptor/AbstractInterceptor.class]
2019-01-12 16:00:52,621 INFO  [main]  c.e.a.r.c.w.CommonWebServiceRegister - add beanCLassName:com.easemob.ai.robotapi.common.webservice.interceptor.AccessInterceptor
2019-01-12 16:00:53,036 INFO  [main]  o.s.b.f.s.DefaultListableBeanFactory - Overriding bean definition for bean 'ignoredPathsWebSecurityConfigurerAdapter' with a different definition: replacing [Root bean: class [null]; scope=; abstract=false; lazyInit=false; autowireMode=3; dependencyCheck=0; autowireCandidate=true; primary=false; factoryBeanName=org.springframework.boot.autoconfigure.security.SpringBootWebSecurityConfiguration; factoryMethodName=ignoredPathsWebSecurityConfigurerAdapter; initMethodName=null; destroyMethodName=(inferred); defined in class path resource [org/springframework/boot/autoconfigure/security/SpringBootWebSecurityConfiguration.class]] with [Root bean: class [null]; scope=; abstract=false; lazyInit=false; autowireMode=3; dependencyCheck=0; autowireCandidate=true; primary=false; factoryBeanName=org.springframework.boot.actuate.autoconfigure.ManagementWebSecurityAutoConfiguration; factoryMethodName=ignoredPathsWebSecurityConfigurerAdapter; initMethodName=null; destroyMethodName=(inferred); defined in class path resource [org/springframework/boot/actuate/autoconfigure/ManagementWebSecurityAutoConfiguration.class]]
2019-01-12 16:00:53,921 INFO  [main]  o.s.cloud.context.scope.GenericScope - BeanFactory id=d3008129-04d2-3843-8b85-9c7851c9667d
2019-01-12 16:00:53,962 INFO  [main]  o.s.b.f.a.AutowiredAnnotationBeanPostProcessor - JSR-330 'javax.inject.Inject' annotation found and supported for autowiring
2019-01-12 16:00:54,162 INFO  [main]  o.s.c.s.PostProcessorRegistrationDelegate$BeanPostProcessorChecker - Bean 'com.easemob.ai.robotapi.kg.client.apiclient.feignclient.KGFeignClient' of type [class org.springframework.cloud.netflix.feign.FeignClientFactoryBean] is not eligible for getting processed by all BeanPostProcessors (for example: not eligible for auto-proxying)
2019-01-12 16:00:54,164 INFO  [main]  o.s.c.s.PostProcessorRegistrationDelegate$BeanPostProcessorChecker - Bean 'com.easemob.ai.robotapi.client.feignclient.ConfigCenterFeignClient' of type [class org.springframework.cloud.netflix.feign.FeignClientFactoryBean] is not eligible for getting processed by all BeanPostProcessors (for example: not eligible for auto-proxying)
2019-01-12 16:00:54,173 INFO  [main]  o.s.c.s.PostProcessorRegistrationDelegate$BeanPostProcessorChecker - Bean 'com.ryantenney.metrics.spring.config.annotation.DelegatingMetricsConfiguration' of type [class com.ryantenney.metrics.spring.config.annotation.DelegatingMetricsConfiguration$$EnhancerBySpringCGLIB$$5e50c411] is not eligible for getting processed by all BeanPostProcessors (for example: not eligible for auto-proxying)
2019-01-12 16:00:54,218 INFO  [main]  o.s.c.s.PostProcessorRegistrationDelegate$BeanPostProcessorChecker - Bean 'getMetricRegistry' of type [class com.codahale.metrics.MetricRegistry] is not eligible for getting processed by all BeanPostProcessors (for example: not eligible for auto-proxying)
2019-01-12 16:00:54,345 INFO  [main]  o.s.c.s.PostProcessorRegistrationDelegate$BeanPostProcessorChecker - Bean 'getHealthCheckRegistry' of type [class com.codahale.metrics.health.HealthCheckRegistry] is not eligible for getting processed by all BeanPostProcessors (for example: not eligible for auto-proxying)
2019-01-12 16:00:54,423 INFO  [main]  o.s.c.s.PostProcessorRegistrationDelegate$BeanPostProcessorChecker - Bean 'org.springframework.cloud.autoconfigure.ConfigurationPropertiesRebinderAutoConfiguration' of type [class org.springframework.cloud.autoconfigure.ConfigurationPropertiesRebinderAutoConfiguration$$EnhancerBySpringCGLIB$$62a5a73] is not eligible for getting processed by all BeanPostProcessors (for example: not eligible for auto-proxying)
2019-01-12 16:00:54,463 INFO  [main]  o.s.c.s.PostProcessorRegistrationDelegate$BeanPostProcessorChecker - Bean 'org.springframework.cloud.autoconfigure.RefreshEndpointAutoConfiguration' of type [class org.springframework.cloud.autoconfigure.RefreshEndpointAutoConfiguration$$EnhancerBySpringCGLIB$$af895c69] is not eligible for getting processed by all BeanPostProcessors (for example: not eligible for auto-proxying)
2019-01-12 16:00:55,380 INFO  [main]  o.s.b.c.e.j.JettyEmbeddedServletContainerFactory - Server initialized with port: 31644
2019-01-12 16:00:55,391 INFO  [main]  org.eclipse.jetty.server.Server - jetty-9.2.19.v20160908
2019-01-12 16:00:55,959 INFO  [main]  application - Initializing Spring embedded WebApplicationContext
2019-01-12 16:00:55,960 INFO  [main]  o.s.web.context.ContextLoader - Root WebApplicationContext: initialization completed in 9580 ms
2019-01-12 16:00:57,693 INFO  [main]  o.s.b.c.e.FilterRegistrationBean - Mapping filter: 'metricsFilter' to: [/*]
2019-01-12 16:00:57,696 INFO  [main]  o.s.b.c.e.FilterRegistrationBean - Mapping filter: 'characterEncodingFilter' to: [/*]
2019-01-12 16:00:57,700 INFO  [main]  o.s.b.c.e.DelegatingFilterProxyRegistrationBean - Mapping filter: 'springSecurityFilterChain' to: [/*]
2019-01-12 16:00:57,700 INFO  [main]  o.s.b.c.e.FilterRegistrationBean - Mapping filter: 'webRequestLoggingFilter' to: [/*]
2019-01-12 16:00:57,700 INFO  [main]  o.s.b.c.e.FilterRegistrationBean - Mapping filter: 'applicationContextIdFilter' to: [/*]
2019-01-12 16:00:57,700 INFO  [main]  o.s.b.c.e.ServletRegistrationBean - Mapping servlet: 'dispatcherServlet' to [/]
2019-01-12 16:00:58,741 INFO  [main]  o.e.j.server.handler.ContextHandler - Started o.s.b.c.e.j.JettyEmbeddedWebAppContext@700fb871{/,file:/tmp/jetty-docbase.872883292800354299.31644/,AVAILABLE}
2019-01-12 16:00:58,748 INFO  [main]  org.eclipse.jetty.server.Server - Started @32019ms
2019-01-12 16:00:59,008 WARN  [main]  c.n.c.sources.URLConfigurationSource - No URLs will be polled as dynamic configuration sources.
2019-01-12 16:00:59,009 INFO  [main]  c.n.c.sources.URLConfigurationSource - To enable URLs as dynamic configuration sources, define System property archaius.configurationSource.additionalUrls or make config.properties available on classpath.
2019-01-12 16:00:59,385 INFO  [main]  o.s.c.a.AnnotationConfigApplicationContext - Refreshing org.springframework.context.annotation.AnnotationConfigApplicationContext@730d2164: startup date [Sat Jan 12 16:00:59 CST 2019]; parent: org.springframework.boot.context.embedded.AnnotationConfigEmbeddedWebApplicationContext@47f6473
2019-01-12 16:00:59,481 INFO  [main]  o.s.b.f.a.AutowiredAnnotationBeanPostProcessor - JSR-330 'javax.inject.Inject' annotation found and supported for autowiring
2019-01-12 16:01:00,020 INFO  [main]  c.e.a.r.c.w.CommonWebServiceAutoConfiguration - enable CommonWebServiceAutoConfiguration
2019-01-12 16:01:01,446 INFO  [main]  o.s.c.a.AnnotationConfigApplicationContext - Refreshing org.springframework.context.annotation.AnnotationConfigApplicationContext@1c852c0f: startup date [Sat Jan 12 16:01:01 CST 2019]; parent: org.springframework.boot.context.embedded.AnnotationConfigEmbeddedWebApplicationContext@47f6473
2019-01-12 16:01:01,478 INFO  [main]  o.s.b.f.a.AutowiredAnnotationBeanPostProcessor - JSR-330 'javax.inject.Inject' annotation found and supported for autowiring
2019-01-12 16:01:02,521 INFO  [main]  org.ehcache.core.EhcacheManager - Cache 'nluCache' created in EhcacheManager.
