2018-12-25 12:02:47,956 INFO  [http-nio-31821-exec-10]  o.a.c.c.C.[Tomcat].[localhost].[/] - Initializing Spring FrameworkServlet 'dispatcherServlet'
2018-12-25 12:02:47,977 INFO  [http-nio-31821-exec-10]  o.s.web.servlet.DispatcherServlet - FrameworkServlet 'dispatcherServlet': initialization started
2018-12-25 12:02:48,214 INFO  [http-nio-31821-exec-10]  o.s.web.servlet.DispatcherServlet - FrameworkServlet 'dispatcherServlet': initialization completed in 236 ms
2018-12-25 12:02:48,486 INFO  [http-nio-31821-exec-10]  c.e.a.r.c.w.i.AccessInterceptor - common.web.service.access.interceptor.before:{"warningTimeout":"500","errorTimeout":"1000","method":"GET","uri":"/"}
2018-12-25 12:03:11,446 ERROR [http-nio-31821-exec-10]  c.e.a.r.c.w.i.AccessInterceptor - common.web.service.access.interceptor.finish:{"consumeTime":"22985","responseStatus":"302","method":"GET","uri":"/"}
2018-12-25 12:03:11,792 INFO  [http-nio-31821-exec-2]  c.e.a.r.c.w.i.AccessInterceptor - common.web.service.access.interceptor.before:{"warningTimeout":"500","errorTimeout":"1000","method":"GET","uri":"/login"}
2018-12-25 12:03:12,386 WARN  [http-nio-31821-exec-2]  c.e.a.r.c.w.i.AccessInterceptor - common.web.service.access.interceptor.finish:{"consumeTime":"594","responseStatus":"200","method":"GET","uri":"/login"}
2018-12-25 12:05:54,708 INFO  [http-nio-31821-exec-1]  c.e.a.r.c.w.i.AccessInterceptor - common.web.service.access.interceptor.before:{"warningTimeout":"500","errorTimeout":"1000","method":"GET","uri":"/"}
2018-12-25 12:05:54,719 INFO  [http-nio-31821-exec-1]  c.e.a.r.c.w.i.AccessInterceptor - common.web.service.access.interceptor.finish:{"consumeTime":"12","responseStatus":"302","method":"GET","uri":"/"}
2018-12-25 12:05:54,769 INFO  [http-nio-31821-exec-10]  c.e.a.r.c.w.i.AccessInterceptor - common.web.service.access.interceptor.before:{"warningTimeout":"500","errorTimeout":"1000","method":"GET","uri":"/login"}
2018-12-25 12:05:54,773 INFO  [http-nio-31821-exec-10]  c.e.a.r.c.w.i.AccessInterceptor - common.web.service.access.interceptor.finish:{"consumeTime":"4","responseStatus":"200","method":"GET","uri":"/login"}
2018-12-25 12:05:56,373 INFO  [http-nio-31821-exec-2]  c.e.a.r.c.w.i.AccessInterceptor - common.web.service.access.interceptor.before:{"warningTimeout":"500","errorTimeout":"1000","method":"GET","uri":"/login"}
2018-12-25 12:05:56,379 INFO  [http-nio-31821-exec-2]  c.e.a.r.c.w.i.AccessInterceptor - common.web.service.access.interceptor.finish:{"consumeTime":"6","responseStatus":"302","method":"GET","uri":"/login"}
2018-12-25 12:06:07,791 INFO  [http-nio-31821-exec-3]  c.e.a.r.c.w.i.AccessInterceptor - common.web.service.access.interceptor.before:{"warningTimeout":"500","errorTimeout":"1000","method":"GET","uri":"/index"}
2018-12-25 12:06:07,807 INFO  [http-nio-31821-exec-3]  c.e.a.r.c.w.i.AccessInterceptor - common.web.service.access.interceptor.finish:{"consumeTime":"17","responseStatus":"200","method":"GET","uri":"/index"}
2018-12-25 12:07:14,817 INFO  [http-nio-31821-exec-7]  c.e.a.r.c.w.i.AccessInterceptor - common.web.service.access.interceptor.before:{"warningTimeout":"500","errorTimeout":"1000","method":"GET","uri":"/"}
2018-12-25 12:07:14,832 INFO  [http-nio-31821-exec-7]  c.e.a.r.c.w.i.AccessInterceptor - common.web.service.access.interceptor.finish:{"consumeTime":"15","responseStatus":"200","method":"GET","uri":"/"}
2018-12-25 12:07:32,076 INFO  [http-nio-31821-exec-8]  c.e.a.r.c.w.i.AccessInterceptor - common.web.service.access.interceptor.before:{"warningTimeout":"500","errorTimeout":"1000","method":"GET","uri":"/kwdict"}
2018-12-25 12:07:32,521 INFO  [http-nio-31821-exec-8]  c.e.a.r.u.s.util.ServerUrlUtil - load serverUrls [] for key robotapi.server.url.kg
2018-12-25 12:07:33,359 ERROR [http-nio-31821-exec-8]  c.e.a.r.c.w.i.AccessInterceptor - common.web.service.access.interceptor.finish:{"consumeTime":"1282","responseStatus":"200","method":"GET","uri":"/kwdict"}
2018-12-25 12:07:53,272 INFO  [http-nio-31821-exec-1]  c.e.a.r.c.w.i.AccessInterceptor - common.web.service.access.interceptor.before:{"warningTimeout":"500","errorTimeout":"1000","method":"GET","uri":"/entityRecognizeTest"}
2018-12-25 12:07:53,801 INFO  [http-nio-31821-exec-1]  c.e.a.r.u.s.util.ServerUrlUtil - load serverUrls [] for key robotapi.server.url.nlu
2018-12-25 12:07:53,806 WARN  [http-nio-31821-exec-1]  c.e.a.r.c.w.i.AccessInterceptor - common.web.service.access.interceptor.finish:{"consumeTime":"535","responseStatus":"200","method":"GET","uri":"/entityRecognizeTest"}
2018-12-25 12:08:02,900 INFO  [http-nio-31821-exec-10]  c.e.a.r.c.w.i.AccessInterceptor - common.web.service.access.interceptor.before:{"warningTimeout":"500","errorTimeout":"1000","method":"GET","uri":"/entityRecognizeTest"}
2018-12-25 12:08:03,337 INFO  [http-nio-31821-exec-10]  c.e.a.r.c.w.i.AccessInterceptor - common.web.service.access.interceptor.finish:{"consumeTime":"438","responseStatus":"200","method":"GET","uri":"/entityRecognizeTest"}
2018-12-25 12:08:06,835 INFO  [http-nio-31821-exec-4]  c.e.a.r.c.w.i.AccessInterceptor - common.web.service.access.interceptor.before:{"warningTimeout":"500","errorTimeout":"1000","method":"GET","uri":"/entityRecognizeTest"}
2018-12-25 12:08:06,942 INFO  [http-nio-31821-exec-4]  c.e.a.r.c.w.i.AccessInterceptor - common.web.service.access.interceptor.finish:{"consumeTime":"107","responseStatus":"200","method":"GET","uri":"/entityRecognizeTest"}
2018-12-25 12:09:52,305 INFO  [http-nio-31821-exec-7]  c.e.a.r.c.w.i.AccessInterceptor - common.web.service.access.interceptor.before:{"warningTimeout":"500","errorTimeout":"1000","method":"GET","uri":"/dialog"}
2018-12-25 12:09:52,640 INFO  [http-nio-31821-exec-7]  c.e.a.r.c.w.i.AccessInterceptor - common.web.service.access.interceptor.finish:{"consumeTime":"336","responseStatus":"200","method":"GET","uri":"/dialog"}
2018-12-25 12:10:14,119 INFO  [http-nio-31821-exec-8]  c.e.a.r.c.w.i.AccessInterceptor - common.web.service.access.interceptor.before:{"warningTimeout":"500","errorTimeout":"1000","method":"GET","uri":"/ajax/dialog"}
2018-12-25 12:10:14,236 INFO  [http-nio-31821-exec-8]  c.e.a.r.u.s.util.ServerUrlUtil - load serverUrls [] for key robotapi.server.url.ds
2018-12-25 12:10:16,288 ERROR [http-nio-31821-exec-8]  c.e.a.r.d.c.a.DialogSystemClient - Read timed out
java.net.SocketTimeoutException: Read timed out
	at java.net.SocketInputStream.socketRead0(Native Method)
	at java.net.SocketInputStream.socketRead(SocketInputStream.java:116)
	at java.net.SocketInputStream.read(SocketInputStream.java:170)
	at java.net.SocketInputStream.read(SocketInputStream.java:141)
	at org.apache.http.impl.io.SessionInputBufferImpl.streamRead(SessionInputBufferImpl.java:137)
	at org.apache.http.impl.io.SessionInputBufferImpl.fillBuffer(SessionInputBufferImpl.java:153)
	at org.apache.http.impl.io.SessionInputBufferImpl.readLine(SessionInputBufferImpl.java:282)
	at org.apache.http.impl.conn.DefaultHttpResponseParser.parseHead(DefaultHttpResponseParser.java:140)
	at org.apache.http.impl.conn.DefaultHttpResponseParser.parseHead(DefaultHttpResponseParser.java:57)
	at org.apache.http.impl.io.AbstractMessageParser.parse(AbstractMessageParser.java:259)
	at org.apache.http.impl.DefaultBHttpClientConnection.receiveResponseHeader(DefaultBHttpClientConnection.java:163)
	at org.apache.http.impl.conn.CPoolProxy.receiveResponseHeader(CPoolProxy.java:167)
	at org.apache.http.protocol.HttpRequestExecutor.doReceiveResponse(HttpRequestExecutor.java:273)
	at org.apache.http.protocol.HttpRequestExecutor.execute(HttpRequestExecutor.java:125)
	at org.apache.http.impl.execchain.MainClientExec.execute(MainClientExec.java:271)
	at org.apache.http.impl.execchain.ProtocolExec.execute(ProtocolExec.java:184)
	at org.apache.http.impl.execchain.RetryExec.execute(RetryExec.java:88)
	at org.apache.http.impl.execchain.RedirectExec.execute(RedirectExec.java:110)
	at org.apache.http.impl.client.InternalHttpClient.doExecute(InternalHttpClient.java:184)
	at org.apache.http.impl.client.CloseableHttpClient.execute(CloseableHttpClient.java:82)
	at org.apache.http.impl.client.CloseableHttpClient.execute(CloseableHttpClient.java:55)
	at org.apache.http.client.fluent.Request.internalExecute(Request.java:173)
	at org.apache.http.client.fluent.Request.execute(Request.java:177)
	at com.easemob.ai.robotapi.dialogsystem.client.apiclient.DialogSystemClient.dialog(DialogSystemClient.java:108)
	at com.easemob.ai.robotapi.ui.services.util.DialogSystemClientUtil.dialog(DialogSystemClientUtil.java:58)
	at com.easemob.ai.robotapi.ui.services.Dialog.doDialog(Dialog.java:75)
	at com.easemob.ai.robotapi.ui.controller.RobotapiUIAjaxController.dialog(RobotapiUIAjaxController.java:25)
	at sun.reflect.NativeMethodAccessorImpl.invoke0(Native Method)
	at sun.reflect.NativeMethodAccessorImpl.invoke(NativeMethodAccessorImpl.java:62)
	at sun.reflect.DelegatingMethodAccessorImpl.invoke(DelegatingMethodAccessorImpl.java:43)
	at java.lang.reflect.Method.invoke(Method.java:498)
	at org.springframework.web.method.support.InvocableHandlerMethod.doInvoke(InvocableHandlerMethod.java:221)
	at org.springframework.web.method.support.InvocableHandlerMethod.invokeForRequest(InvocableHandlerMethod.java:136)
	at org.springframework.web.servlet.mvc.method.annotation.ServletInvocableHandlerMethod.invokeAndHandle(ServletInvocableHandlerMethod.java:110)
	at org.springframework.web.servlet.mvc.method.annotation.RequestMappingHandlerAdapter.invokeHandlerMethod(RequestMappingHandlerAdapter.java:817)
	at org.springframework.web.servlet.mvc.method.annotation.RequestMappingHandlerAdapter.handleInternal(RequestMappingHandlerAdapter.java:731)
	at org.springframework.web.servlet.mvc.method.AbstractHandlerMethodAdapter.handle(AbstractHandlerMethodAdapter.java:85)
	at org.springframework.web.servlet.DispatcherServlet.doDispatch(DispatcherServlet.java:959)
	at org.springframework.web.servlet.DispatcherServlet.doService(DispatcherServlet.java:893)
	at org.springframework.web.servlet.FrameworkServlet.processRequest(FrameworkServlet.java:968)
	at org.springframework.web.servlet.FrameworkServlet.doGet(FrameworkServlet.java:859)
	at javax.servlet.http.HttpServlet.service(HttpServlet.java:622)
	at org.springframework.web.servlet.FrameworkServlet.service(FrameworkServlet.java:844)
	at javax.servlet.http.HttpServlet.service(HttpServlet.java:729)
	at org.apache.catalina.core.ApplicationFilterChain.internalDoFilter(ApplicationFilterChain.java:292)
	at org.apache.catalina.core.ApplicationFilterChain.doFilter(ApplicationFilterChain.java:207)
	at org.apache.tomcat.websocket.server.WsFilter.doFilter(WsFilter.java:52)
	at org.apache.catalina.core.ApplicationFilterChain.internalDoFilter(ApplicationFilterChain.java:240)
	at org.apache.catalina.core.ApplicationFilterChain.doFilter(ApplicationFilterChain.java:207)
	at org.springframework.boot.actuate.autoconfigure.EndpointWebMvcAutoConfiguration$ApplicationContextHeaderFilter.doFilterInternal(EndpointWebMvcAutoConfiguration.java:281)
	at org.springframework.web.filter.OncePerRequestFilter.doFilter(OncePerRequestFilter.java:107)
	at org.apache.catalina.core.ApplicationFilterChain.internalDoFilter(ApplicationFilterChain.java:240)
	at org.apache.catalina.core.ApplicationFilterChain.doFilter(ApplicationFilterChain.java:207)
	at org.springframework.boot.actuate.trace.WebRequestTraceFilter.doFilterInternal(WebRequestTraceFilter.java:115)
	at org.springframework.web.filter.OncePerRequestFilter.doFilter(OncePerRequestFilter.java:107)
	at org.apache.catalina.core.ApplicationFilterChain.internalDoFilter(ApplicationFilterChain.java:240)
	at org.apache.catalina.core.ApplicationFilterChain.doFilter(ApplicationFilterChain.java:207)
	at org.springframework.security.web.FilterChainProxy.doFilterInternal(FilterChainProxy.java:207)
	at org.springframework.security.web.FilterChainProxy.doFilter(FilterChainProxy.java:176)
	at org.springframework.web.filter.DelegatingFilterProxy.invokeDelegate(DelegatingFilterProxy.java:346)
	at org.springframework.web.filter.DelegatingFilterProxy.doFilter(DelegatingFilterProxy.java:262)
	at org.apache.catalina.core.ApplicationFilterChain.internalDoFilter(ApplicationFilterChain.java:240)
	at org.apache.catalina.core.ApplicationFilterChain.doFilter(ApplicationFilterChain.java:207)
	at org.springframework.web.filter.RequestContextFilter.doFilterInternal(RequestContextFilter.java:99)
	at org.springframework.web.filter.OncePerRequestFilter.doFilter(OncePerRequestFilter.java:107)
	at org.apache.catalina.core.ApplicationFilterChain.internalDoFilter(ApplicationFilterChain.java:240)
	at org.apache.catalina.core.ApplicationFilterChain.doFilter(ApplicationFilterChain.java:207)
	at org.springframework.web.filter.HttpPutFormContentFilter.doFilterInternal(HttpPutFormContentFilter.java:87)
	at org.springframework.web.filter.OncePerRequestFilter.doFilter(OncePerRequestFilter.java:107)
	at org.apache.catalina.core.ApplicationFilterChain.internalDoFilter(ApplicationFilterChain.java:240)
	at org.apache.catalina.core.ApplicationFilterChain.doFilter(ApplicationFilterChain.java:207)
	at org.springframework.web.filter.HiddenHttpMethodFilter.doFilterInternal(HiddenHttpMethodFilter.java:77)
	at org.springframework.web.filter.OncePerRequestFilter.doFilter(OncePerRequestFilter.java:107)
	at org.apache.catalina.core.ApplicationFilterChain.internalDoFilter(ApplicationFilterChain.java:240)
	at org.apache.catalina.core.ApplicationFilterChain.doFilter(ApplicationFilterChain.java:207)
	at org.springframework.web.filter.CharacterEncodingFilter.doFilterInternal(CharacterEncodingFilter.java:121)
	at org.springframework.web.filter.OncePerRequestFilter.doFilter(OncePerRequestFilter.java:107)
	at org.apache.catalina.core.ApplicationFilterChain.internalDoFilter(ApplicationFilterChain.java:240)
	at org.apache.catalina.core.ApplicationFilterChain.doFilter(ApplicationFilterChain.java:207)
	at org.springframework.boot.actuate.autoconfigure.MetricsFilter.doFilterInternal(MetricsFilter.java:103)
	at org.springframework.web.filter.OncePerRequestFilter.doFilter(OncePerRequestFilter.java:107)
	at org.apache.catalina.core.ApplicationFilterChain.internalDoFilter(ApplicationFilterChain.java:240)
	at org.apache.catalina.core.ApplicationFilterChain.doFilter(ApplicationFilterChain.java:207)
	at org.apache.catalina.core.StandardWrapperValve.invoke(StandardWrapperValve.java:212)
	at org.apache.catalina.core.StandardContextValve.invoke(StandardContextValve.java:106)
	at org.apache.catalina.authenticator.AuthenticatorBase.invoke(AuthenticatorBase.java:502)
	at org.apache.catalina.core.StandardHostValve.invoke(StandardHostValve.java:141)
	at org.apache.catalina.valves.ErrorReportValve.invoke(ErrorReportValve.java:79)
	at org.apache.catalina.core.StandardEngineValve.invoke(StandardEngineValve.java:88)
	at org.apache.catalina.connector.CoyoteAdapter.service(CoyoteAdapter.java:528)
	at org.apache.coyote.http11.AbstractHttp11Processor.process(AbstractHttp11Processor.java:1100)
	at org.apache.coyote.AbstractProtocol$AbstractConnectionHandler.process(AbstractProtocol.java:687)
	at org.apache.tomcat.util.net.NioEndpoint$SocketProcessor.doRun(NioEndpoint.java:1520)
	at org.apache.tomcat.util.net.NioEndpoint$SocketProcessor.run(NioEndpoint.java:1476)
	at java.util.concurrent.ThreadPoolExecutor.runWorker(ThreadPoolExecutor.java:1142)
	at java.util.concurrent.ThreadPoolExecutor$Worker.run(ThreadPoolExecutor.java:617)
	at org.apache.tomcat.util.threads.TaskThread$WrappingRunnable.run(TaskThread.java:61)
	at java.lang.Thread.run(Thread.java:745)
2018-12-25 12:10:17,551 ERROR [http-nio-31821-exec-8]  c.e.a.r.c.w.i.AccessInterceptor - common.web.service.access.interceptor.finish:{"consumeTime":"3433","responseStatus":"200","method":"GET","uri":"/ajax/dialog"}
2018-12-25 12:10:45,616 INFO  [http-nio-31821-exec-10]  c.e.a.r.c.w.i.AccessInterceptor - common.web.service.access.interceptor.before:{"warningTimeout":"500","errorTimeout":"1000","method":"GET","uri":"/entityRecognizeTest"}
2018-12-25 12:10:45,695 INFO  [http-nio-31821-exec-10]  c.e.a.r.c.w.i.AccessInterceptor - common.web.service.access.interceptor.finish:{"consumeTime":"80","responseStatus":"200","method":"GET","uri":"/entityRecognizeTest"}
2018-12-25 12:12:14,144 INFO  [http-nio-31821-exec-5]  c.e.a.r.c.w.i.AccessInterceptor - common.web.service.access.interceptor.before:{"warningTimeout":"500","errorTimeout":"1000","method":"GET","uri":"/entityRecognizeTest"}
2018-12-25 12:12:14,229 INFO  [http-nio-31821-exec-5]  c.e.a.r.c.w.i.AccessInterceptor - common.web.service.access.interceptor.finish:{"consumeTime":"85","responseStatus":"200","method":"GET","uri":"/entityRecognizeTest"}
2018-12-25 12:12:16,554 INFO  [http-nio-31821-exec-6]  c.e.a.r.c.w.i.AccessInterceptor - common.web.service.access.interceptor.before:{"warningTimeout":"500","errorTimeout":"1000","method":"GET","uri":"/entityRecognizeTest"}
2018-12-25 12:12:16,628 INFO  [http-nio-31821-exec-6]  c.e.a.r.c.w.i.AccessInterceptor - common.web.service.access.interceptor.finish:{"consumeTime":"74","responseStatus":"200","method":"GET","uri":"/entityRecognizeTest"}
2018-12-25 12:16:28,104 INFO  [http-nio-31821-exec-5]  c.e.a.r.c.w.i.AccessInterceptor - common.web.service.access.interceptor.before:{"warningTimeout":"500","errorTimeout":"1000","method":"GET","uri":"/entityRecognizeTest"}
2018-12-25 12:16:28,201 INFO  [http-nio-31821-exec-5]  c.e.a.r.c.w.i.AccessInterceptor - common.web.service.access.interceptor.finish:{"consumeTime":"98","responseStatus":"200","method":"GET","uri":"/entityRecognizeTest"}
2018-12-25 12:16:31,732 INFO  [http-nio-31821-exec-6]  c.e.a.r.c.w.i.AccessInterceptor - common.web.service.access.interceptor.before:{"warningTimeout":"500","errorTimeout":"1000","method":"GET","uri":"/entityRecognizeTest"}
2018-12-25 12:16:31,799 INFO  [http-nio-31821-exec-6]  c.e.a.r.c.w.i.AccessInterceptor - common.web.service.access.interceptor.finish:{"consumeTime":"67","responseStatus":"200","method":"GET","uri":"/entityRecognizeTest"}
2018-12-25 12:17:29,708 INFO  [http-nio-31821-exec-8]  c.e.a.r.c.w.i.AccessInterceptor - common.web.service.access.interceptor.before:{"warningTimeout":"500","errorTimeout":"1000","method":"GET","uri":"/entityRecognizeTest"}
2018-12-25 12:17:29,810 INFO  [http-nio-31821-exec-8]  c.e.a.r.c.w.i.AccessInterceptor - common.web.service.access.interceptor.finish:{"consumeTime":"101","responseStatus":"200","method":"GET","uri":"/entityRecognizeTest"}
2018-12-25 12:19:22,683 INFO  [http-nio-31821-exec-3]  c.e.a.r.c.w.i.AccessInterceptor - common.web.service.access.interceptor.before:{"warningTimeout":"500","errorTimeout":"1000","method":"GET","uri":"/entityRecognizeTest"}
2018-12-25 12:19:22,788 INFO  [http-nio-31821-exec-3]  c.e.a.r.c.w.i.AccessInterceptor - common.web.service.access.interceptor.finish:{"consumeTime":"105","responseStatus":"200","method":"GET","uri":"/entityRecognizeTest"}
